{"/Users/rabble/code/experiments/trademe_tracker/worker/src/local-scraper.ts": {"path":"/Users/rabble/code/experiments/trademe_tracker/worker/src/local-scraper.ts","statementMap":{"0":{"start":{"line":1,"column":0},"end":{"line":1,"column":40}},"1":{"start":{"line":2,"column":0},"end":{"line":2,"column":52}},"2":{"start":{"line":3,"column":0},"end":{"line":3,"column":28}},"3":{"start":{"line":4,"column":0},"end":{"line":4,"column":20}},"4":{"start":{"line":5,"column":0},"end":{"line":5,"column":24}},"5":{"start":{"line":8,"column":0},"end":{"line":8,"column":16}},"6":{"start":{"line":11,"column":16},"end":{"line":26,"column":2}},"7":{"start":{"line":22,"column":21},"end":{"line":22,"column":25}},"8":{"start":{"line":24,"column":23},"end":{"line":24,"column":35}},"9":{"start":{"line":29,"column":2},"end":{"line":29,"column":40}},"10":{"start":{"line":31,"column":18},"end":{"line":36,"column":4}},"11":{"start":{"line":39,"column":25},"end":{"line":39,"column":52}},"12":{"start":{"line":40,"column":32},"end":{"line":40,"column":85}},"13":{"start":{"line":42,"column":2},"end":{"line":117,"column":3}},"14":{"start":{"line":44,"column":4},"end":{"line":44,"column":31}},"15":{"start":{"line":45,"column":4},"end":{"line":45,"column":26}},"16":{"start":{"line":48,"column":31},"end":{"line":48,"column":68}},"17":{"start":{"line":49,"column":4},"end":{"line":49,"column":75}},"18":{"start":{"line":52,"column":4},"end":{"line":55,"column":6}},"19":{"start":{"line":58,"column":31},"end":{"line":58,"column":33}},"20":{"start":{"line":60,"column":4},"end":{"line":95,"column":5}},"21":{"start":{"line":61,"column":6},"end":{"line":94,"column":7}},"22":{"start":{"line":62,"column":8},"end":{"line":62,"column":67}},"23":{"start":{"line":65,"column":8},"end":{"line":65,"column":64}},"24":{"start":{"line":65,"column":37},"end":{"line":65,"column":62}},"25":{"start":{"line":67,"column":33},"end":{"line":67,"column":78}},"26":{"start":{"line":70,"column":8},"end":{"line":88,"column":9}},"27":{"start":{"line":71,"column":10},"end":{"line":71,"column":113}},"28":{"start":{"line":73,"column":10},"end":{"line":85,"column":11}},"29":{"start":{"line":75,"column":36},"end":{"line":77,"column":null}},"30":{"start":{"line":81,"column":12},"end":{"line":81,"column":54}},"31":{"start":{"line":82,"column":12},"end":{"line":82,"column":93}},"32":{"start":{"line":84,"column":12},"end":{"line":84,"column":102}},"33":{"start":{"line":86,"column":15},"end":{"line":88,"column":9}},"34":{"start":{"line":87,"column":10},"end":{"line":87,"column":87}},"35":{"start":{"line":90,"column":8},"end":{"line":90,"column":50}},"36":{"start":{"line":92,"column":8},"end":{"line":92,"column":84}},"37":{"start":{"line":98,"column":4},"end":{"line":101,"column":6}},"38":{"start":{"line":104,"column":4},"end":{"line":109,"column":5}},"39":{"start":{"line":105,"column":6},"end":{"line":108,"column":8}},"40":{"start":{"line":111,"column":4},"end":{"line":111,"column":56}},"41":{"start":{"line":113,"column":4},"end":{"line":113,"column":52}},"42":{"start":{"line":116,"column":4},"end":{"line":116,"column":26}},"43":{"start":{"line":121,"column":0},"end":{"line":121,"column":39}}},"fnMap":{"0":{"name":"(anonymous_1)","decl":{"start":{"line":22,"column":9},"end":{"line":22,"column":14}},"loc":{"start":{"line":22,"column":21},"end":{"line":22,"column":25}}},"1":{"name":"(anonymous_2)","decl":{"start":{"line":23,"column":9},"end":{"line":23,"column":14}},"loc":{"start":{"line":23,"column":20},"end":{"line":23,"column":23}}},"2":{"name":"(anonymous_3)","decl":{"start":{"line":24,"column":10},"end":{"line":24,"column":15}},"loc":{"start":{"line":24,"column":23},"end":{"line":24,"column":35}}},"3":{"name":"runLocalScraper","decl":{"start":{"line":28,"column":15},"end":{"line":28,"column":30}},"loc":{"start":{"line":28,"column":30},"end":{"line":118,"column":1}}},"4":{"name":"(anonymous_5)","decl":{"start":{"line":65,"column":26},"end":{"line":65,"column":33}},"loc":{"start":{"line":65,"column":37},"end":{"line":65,"column":62}}}},"branchMap":{"0":{"loc":{"start":{"line":12,"column":20},"end":{"line":12,"column":79}},"type":"binary-expr","locations":[{"start":{"line":12,"column":20},"end":{"line":12,"column":48}},{"start":{"line":12,"column":52},"end":{"line":12,"column":79}}]},"1":{"loc":{"start":{"line":13,"column":20},"end":{"line":13,"column":54}},"type":"binary-expr","locations":[{"start":{"line":13,"column":20},"end":{"line":13,"column":48}},{"start":{"line":13,"column":52},"end":{"line":13,"column":54}}]},"2":{"loc":{"start":{"line":14,"column":20},"end":{"line":14,"column":54}},"type":"binary-expr","locations":[{"start":{"line":14,"column":20},"end":{"line":14,"column":48}},{"start":{"line":14,"column":52},"end":{"line":14,"column":54}}]},"3":{"loc":{"start":{"line":15,"column":16},"end":{"line":15,"column":46}},"type":"binary-expr","locations":[{"start":{"line":15,"column":16},"end":{"line":15,"column":40}},{"start":{"line":15,"column":44},"end":{"line":15,"column":46}}]},"4":{"loc":{"start":{"line":16,"column":21},"end":{"line":16,"column":56}},"type":"binary-expr","locations":[{"start":{"line":16,"column":21},"end":{"line":16,"column":50}},{"start":{"line":16,"column":54},"end":{"line":16,"column":56}}]},"5":{"loc":{"start":{"line":17,"column":27},"end":{"line":17,"column":83}},"type":"binary-expr","locations":[{"start":{"line":17,"column":27},"end":{"line":17,"column":62}},{"start":{"line":17,"column":66},"end":{"line":17,"column":83}}]},"6":{"loc":{"start":{"line":40,"column":32},"end":{"line":40,"column":85}},"type":"binary-expr","locations":[{"start":{"line":40,"column":32},"end":{"line":40,"column":54}},{"start":{"line":40,"column":58},"end":{"line":40,"column":85}}]},"7":{"loc":{"start":{"line":70,"column":8},"end":{"line":88,"column":9}},"type":"if","locations":[{"start":{"line":70,"column":8},"end":{"line":88,"column":9}},{"start":{"line":86,"column":15},"end":{"line":88,"column":9}}]},"8":{"loc":{"start":{"line":70,"column":12},"end":{"line":70,"column":98}},"type":"binary-expr","locations":[{"start":{"line":70,"column":12},"end":{"line":70,"column":33}},{"start":{"line":70,"column":37},"end":{"line":70,"column":60}},{"start":{"line":70,"column":64},"end":{"line":70,"column":98}}]},"9":{"loc":{"start":{"line":86,"column":15},"end":{"line":88,"column":9}},"type":"if","locations":[{"start":{"line":86,"column":15},"end":{"line":88,"column":9}}]},"10":{"loc":{"start":{"line":104,"column":4},"end":{"line":109,"column":5}},"type":"if","locations":[{"start":{"line":104,"column":4},"end":{"line":109,"column":5}}]},"11":{"loc":{"start":{"line":104,"column":8},"end":{"line":104,"column":69}},"type":"binary-expr","locations":[{"start":{"line":104,"column":8},"end":{"line":104,"column":37}},{"start":{"line":104,"column":41},"end":{"line":104,"column":69}}]}},"s":{"0":0,"1":0,"2":0,"3":0,"4":0,"5":0,"6":0,"7":0,"8":0,"9":0,"10":0,"11":0,"12":0,"13":0,"14":0,"15":0,"16":0,"17":0,"18":0,"19":0,"20":0,"21":0,"22":0,"23":0,"24":0,"25":0,"26":0,"27":0,"28":0,"29":0,"30":0,"31":0,"32":0,"33":0,"34":0,"35":0,"36":0,"37":0,"38":0,"39":0,"40":0,"41":0,"42":0,"43":0},"f":{"0":0,"1":0,"2":0,"3":0,"4":0},"b":{"0":[0,0],"1":[0,0],"2":[0,0],"3":[0,0],"4":[0,0],"5":[0,0],"6":[0,0],"7":[0,0],"8":[0,0,0],"9":[0],"10":[0],"11":[0,0]}}
,"/Users/rabble/code/experiments/trademe_tracker/worker/src/lib/trademe.ts": {"path":"/Users/rabble/code/experiments/trademe_tracker/worker/src/lib/trademe.ts","statementMap":{"0":{"start":{"line":1,"column":0},"end":{"line":1,"column":52}},"1":{"start":{"line":21,"column":10},"end":{"line":21,"column":30}},"2":{"start":{"line":22,"column":10},"end":{"line":22,"column":27}},"3":{"start":{"line":25,"column":4},"end":{"line":25,"column":35}},"4":{"start":{"line":26,"column":4},"end":{"line":26,"column":37}},"5":{"start":{"line":27,"column":4},"end":{"line":27,"column":37}},"6":{"start":{"line":28,"column":4},"end":{"line":28,"column":46}},"7":{"start":{"line":29,"column":4},"end":{"line":29,"column":44}},"8":{"start":{"line":30,"column":4},"end":{"line":30,"column":47}},"9":{"start":{"line":38,"column":4},"end":{"line":40,"column":14}},"10":{"start":{"line":43,"column":4},"end":{"line":53,"column":5}},"11":{"start":{"line":44,"column":6},"end":{"line":44,"column":47}},"12":{"start":{"line":47,"column":6},"end":{"line":47,"column":54}},"13":{"start":{"line":50,"column":6},"end":{"line":52,"column":9}},"14":{"start":{"line":60,"column":4},"end":{"line":64,"column":5}},"15":{"start":{"line":61,"column":6},"end":{"line":61,"column":33}},"16":{"start":{"line":62,"column":6},"end":{"line":62,"column":26}},"17":{"start":{"line":63,"column":6},"end":{"line":63,"column":23}},"18":{"start":{"line":71,"column":4},"end":{"line":73,"column":5}},"19":{"start":{"line":72,"column":6},"end":{"line":72,"column":49}},"20":{"start":{"line":75,"column":4},"end":{"line":112,"column":5}},"21":{"start":{"line":77,"column":6},"end":{"line":77,"column":62}},"22":{"start":{"line":80,"column":30},"end":{"line":82,"column":8}},"23":{"start":{"line":81,"column":8},"end":{"line":81,"column":74}},"24":{"start":{"line":84,"column":6},"end":{"line":87,"column":7}},"25":{"start":{"line":85,"column":8},"end":{"line":85,"column":41}},"26":{"start":{"line":86,"column":8},"end":{"line":86,"column":15}},"27":{"start":{"line":90,"column":6},"end":{"line":90,"column":52}},"28":{"start":{"line":91,"column":6},"end":{"line":91,"column":55}},"29":{"start":{"line":94,"column":6},"end":{"line":97,"column":9}},"30":{"start":{"line":100,"column":26},"end":{"line":102,"column":8}},"31":{"start":{"line":101,"column":8},"end":{"line":101,"column":77}},"32":{"start":{"line":104,"column":6},"end":{"line":106,"column":7}},"33":{"start":{"line":105,"column":8},"end":{"line":105,"column":40}},"34":{"start":{"line":108,"column":6},"end":{"line":108,"column":38}},"35":{"start":{"line":110,"column":6},"end":{"line":110,"column":43}},"36":{"start":{"line":111,"column":6},"end":{"line":111,"column":18}},"37":{"start":{"line":119,"column":4},"end":{"line":121,"column":5}},"38":{"start":{"line":120,"column":6},"end":{"line":120,"column":49}},"39":{"start":{"line":123,"column":4},"end":{"line":190,"column":5}},"40":{"start":{"line":125,"column":6},"end":{"line":125,"column":66}},"41":{"start":{"line":128,"column":6},"end":{"line":128,"column":60}},"42":{"start":{"line":131,"column":25},"end":{"line":183,"column":22}},"43":{"start":{"line":132,"column":22},"end":{"line":132,"column":81}},"44":{"start":{"line":134,"column":8},"end":{"line":182,"column":43}},"45":{"start":{"line":136,"column":30},"end":{"line":136,"column":83}},"46":{"start":{"line":137,"column":23},"end":{"line":137,"column":62}},"47":{"start":{"line":138,"column":26},"end":{"line":138,"column":57}},"48":{"start":{"line":139,"column":21},"end":{"line":139,"column":46}},"49":{"start":{"line":142,"column":31},"end":{"line":142,"column":84}},"50":{"start":{"line":143,"column":24},"end":{"line":143,"column":63}},"51":{"start":{"line":146,"column":33},"end":{"line":146,"column":88}},"52":{"start":{"line":147,"column":26},"end":{"line":147,"column":67}},"53":{"start":{"line":150,"column":31},"end":{"line":150,"column":84}},"54":{"start":{"line":151,"column":28},"end":{"line":151,"column":67}},"55":{"start":{"line":153,"column":29},"end":{"line":153,"column":59}},"56":{"start":{"line":154,"column":24},"end":{"line":154,"column":82}},"57":{"start":{"line":157,"column":31},"end":{"line":157,"column":84}},"58":{"start":{"line":158,"column":27},"end":{"line":158,"column":66}},"59":{"start":{"line":161,"column":32},"end":{"line":161,"column":86}},"60":{"start":{"line":162,"column":29},"end":{"line":162,"column":83}},"61":{"start":{"line":163,"column":71},"end":{"line":163,"column":79}},"62":{"start":{"line":165,"column":10},"end":{"line":169,"column":11}},"63":{"start":{"line":166,"column":12},"end":{"line":166,"column":35}},"64":{"start":{"line":167,"column":17},"end":{"line":169,"column":11}},"65":{"start":{"line":168,"column":12},"end":{"line":168,"column":28}},"66":{"start":{"line":171,"column":10},"end":{"line":181,"column":12}},"67":{"start":{"line":182,"column":30},"end":{"line":182,"column":41}},"68":{"start":{"line":185,"column":6},"end":{"line":185,"column":69}},"69":{"start":{"line":186,"column":6},"end":{"line":186,"column":24}},"70":{"start":{"line":188,"column":6},"end":{"line":188,"column":66}},"71":{"start":{"line":189,"column":6},"end":{"line":189,"column":18}},"72":{"start":{"line":197,"column":4},"end":{"line":199,"column":5}},"73":{"start":{"line":198,"column":6},"end":{"line":198,"column":49}},"74":{"start":{"line":201,"column":18},"end":{"line":201,"column":19}},"75":{"start":{"line":203,"column":4},"end":{"line":354,"column":5}},"76":{"start":{"line":204,"column":6},"end":{"line":353,"column":7}},"77":{"start":{"line":206,"column":8},"end":{"line":206,"column":83}},"78":{"start":{"line":209,"column":8},"end":{"line":209,"column":64}},"79":{"start":{"line":212,"column":32},"end":{"line":316,"column":36}},"80":{"start":{"line":214,"column":31},"end":{"line":214,"column":84}},"81":{"start":{"line":215,"column":24},"end":{"line":215,"column":63}},"82":{"start":{"line":218,"column":33},"end":{"line":218,"column":88}},"83":{"start":{"line":219,"column":26},"end":{"line":219,"column":67}},"84":{"start":{"line":222,"column":31},"end":{"line":222,"column":83}},"85":{"start":{"line":223,"column":28},"end":{"line":223,"column":67}},"86":{"start":{"line":225,"column":29},"end":{"line":225,"column":59}},"87":{"start":{"line":226,"column":24},"end":{"line":226,"column":82}},"88":{"start":{"line":229,"column":37},"end":{"line":229,"column":95}},"89":{"start":{"line":230,"column":30},"end":{"line":230,"column":75}},"90":{"start":{"line":233,"column":31},"end":{"line":233,"column":89}},"91":{"start":{"line":234,"column":24},"end":{"line":234,"column":63}},"92":{"start":{"line":236,"column":32},"end":{"line":236,"column":92}},"93":{"start":{"line":237,"column":25},"end":{"line":237,"column":65}},"94":{"start":{"line":240,"column":32},"end":{"line":240,"column":85}},"95":{"start":{"line":241,"column":29},"end":{"line":241,"column":83}},"96":{"start":{"line":242,"column":71},"end":{"line":242,"column":79}},"97":{"start":{"line":244,"column":10},"end":{"line":248,"column":11}},"98":{"start":{"line":245,"column":12},"end":{"line":245,"column":35}},"99":{"start":{"line":246,"column":17},"end":{"line":248,"column":11}},"100":{"start":{"line":247,"column":12},"end":{"line":247,"column":28}},"101":{"start":{"line":251,"column":34},"end":{"line":251,"column":140}},"102":{"start":{"line":252,"column":27},"end":{"line":252,"column":109}},"103":{"start":{"line":255,"column":35},"end":{"line":255,"column":142}},"104":{"start":{"line":256,"column":28},"end":{"line":256,"column":112}},"105":{"start":{"line":259,"column":38},"end":{"line":259,"column":149}},"106":{"start":{"line":260,"column":31},"end":{"line":260,"column":84}},"107":{"start":{"line":263,"column":34},"end":{"line":263,"column":141}},"108":{"start":{"line":264,"column":27},"end":{"line":264,"column":76}},"109":{"start":{"line":267,"column":35},"end":{"line":267,"column":143}},"110":{"start":{"line":268,"column":28},"end":{"line":268,"column":78}},"111":{"start":{"line":271,"column":37},"end":{"line":271,"column":146}},"112":{"start":{"line":272,"column":34},"end":{"line":272,"column":79}},"113":{"start":{"line":273,"column":30},"end":{"line":273,"column":114}},"114":{"start":{"line":276,"column":32},"end":{"line":276,"column":116}},"115":{"start":{"line":277,"column":25},"end":{"line":289,"column":12}},"116":{"start":{"line":278,"column":33},"end":{"line":278,"column":62}},"117":{"start":{"line":280,"column":32},"end":{"line":280,"column":73}},"118":{"start":{"line":282,"column":12},"end":{"line":288,"column":14}},"119":{"start":{"line":292,"column":29},"end":{"line":292,"column":50}},"120":{"start":{"line":293,"column":22},"end":{"line":293,"column":32}},"121":{"start":{"line":294,"column":31},"end":{"line":294,"column":105}},"122":{"start":{"line":296,"column":10},"end":{"line":315,"column":12}},"123":{"start":{"line":319,"column":33},"end":{"line":339,"column":10}},"124":{"start":{"line":341,"column":8},"end":{"line":341,"column":62}},"125":{"start":{"line":342,"column":8},"end":{"line":342,"column":22}},"126":{"start":{"line":344,"column":8},"end":{"line":344,"column":108}},"127":{"start":{"line":345,"column":8},"end":{"line":345,"column":18}},"128":{"start":{"line":347,"column":8},"end":{"line":349,"column":9}},"129":{"start":{"line":348,"column":10},"end":{"line":348,"column":22}},"130":{"start":{"line":352,"column":8},"end":{"line":352,"column":64}},"131":{"start":{"line":352,"column":37},"end":{"line":352,"column":62}},"132":{"start":{"line":357,"column":4},"end":{"line":357,"column":88}},"133":{"start":{"line":364,"column":4},"end":{"line":366,"column":5}},"134":{"start":{"line":365,"column":6},"end":{"line":365,"column":19}},"135":{"start":{"line":368,"column":4},"end":{"line":379,"column":5}},"136":{"start":{"line":370,"column":6},"end":{"line":370,"column":64}},"137":{"start":{"line":373,"column":6},"end":{"line":375,"column":9}},"138":{"start":{"line":374,"column":8},"end":{"line":374,"column":74}},"139":{"start":{"line":377,"column":6},"end":{"line":377,"column":63}},"140":{"start":{"line":378,"column":6},"end":{"line":378,"column":19}},"141":{"start":{"line":14,"column":0},"end":{"line":14,"column":13}}},"fnMap":{"0":{"name":"(anonymous_9)","decl":{"start":{"line":24,"column":2},"end":{"line":24,"column":14}},"loc":{"start":{"line":24,"column":37},"end":{"line":31,"column":3}}},"1":{"name":"(anonymous_10)","decl":{"start":{"line":36,"column":2},"end":{"line":36,"column":7}},"loc":{"start":{"line":36,"column":18},"end":{"line":54,"column":3}}},"2":{"name":"(anonymous_11)","decl":{"start":{"line":59,"column":2},"end":{"line":59,"column":7}},"loc":{"start":{"line":59,"column":13},"end":{"line":65,"column":3}}},"3":{"name":"(anonymous_12)","decl":{"start":{"line":70,"column":2},"end":{"line":70,"column":7}},"loc":{"start":{"line":70,"column":13},"end":{"line":113,"column":3}}},"4":{"name":"(anonymous_13)","decl":{"start":{"line":80,"column":55},"end":{"line":80,"column":58}},"loc":{"start":{"line":80,"column":60},"end":{"line":82,"column":7}}},"5":{"name":"(anonymous_14)","decl":{"start":{"line":100,"column":51},"end":{"line":100,"column":54}},"loc":{"start":{"line":100,"column":56},"end":{"line":102,"column":7}}},"6":{"name":"(anonymous_15)","decl":{"start":{"line":118,"column":2},"end":{"line":118,"column":7}},"loc":{"start":{"line":118,"column":29},"end":{"line":191,"column":3}}},"7":{"name":"(anonymous_16)","decl":{"start":{"line":131,"column":50},"end":{"line":131,"column":51}},"loc":{"start":{"line":131,"column":70},"end":{"line":183,"column":7}}},"8":{"name":"(anonymous_17)","decl":{"start":{"line":134,"column":25},"end":{"line":134,"column":29}},"loc":{"start":{"line":134,"column":32},"end":{"line":182,"column":9}}},"9":{"name":"(anonymous_18)","decl":{"start":{"line":182,"column":18},"end":{"line":182,"column":26}},"loc":{"start":{"line":182,"column":30},"end":{"line":182,"column":41}}},"10":{"name":"(anonymous_19)","decl":{"start":{"line":196,"column":2},"end":{"line":196,"column":7}},"loc":{"start":{"line":196,"column":45},"end":{"line":358,"column":3}}},"11":{"name":"(anonymous_20)","decl":{"start":{"line":212,"column":57},"end":{"line":212,"column":58}},"loc":{"start":{"line":212,"column":97},"end":{"line":316,"column":9}}},"12":{"name":"(anonymous_21)","decl":{"start":{"line":277,"column":43},"end":{"line":277,"column":44}},"loc":{"start":{"line":277,"column":58},"end":{"line":289,"column":11}}},"13":{"name":"(anonymous_22)","decl":{"start":{"line":352,"column":26},"end":{"line":352,"column":33}},"loc":{"start":{"line":352,"column":37},"end":{"line":352,"column":62}}},"14":{"name":"(anonymous_23)","decl":{"start":{"line":363,"column":2},"end":{"line":363,"column":7}},"loc":{"start":{"line":363,"column":22},"end":{"line":380,"column":3}}},"15":{"name":"(anonymous_24)","decl":{"start":{"line":373,"column":38},"end":{"line":373,"column":41}},"loc":{"start":{"line":373,"column":43},"end":{"line":375,"column":7}}}},"branchMap":{"0":{"loc":{"start":{"line":28,"column":22},"end":{"line":28,"column":45}},"type":"binary-expr","locations":[{"start":{"line":28,"column":22},"end":{"line":28,"column":40}},{"start":{"line":28,"column":44},"end":{"line":28,"column":45}}]},"1":{"loc":{"start":{"line":29,"column":19},"end":{"line":29,"column":43}},"type":"binary-expr","locations":[{"start":{"line":29,"column":19},"end":{"line":29,"column":34}},{"start":{"line":29,"column":38},"end":{"line":29,"column":43}}]},"2":{"loc":{"start":{"line":43,"column":4},"end":{"line":53,"column":5}},"type":"if","locations":[{"start":{"line":43,"column":4},"end":{"line":53,"column":5}}]},"3":{"loc":{"start":{"line":60,"column":4},"end":{"line":64,"column":5}},"type":"if","locations":[{"start":{"line":60,"column":4},"end":{"line":64,"column":5}}]},"4":{"loc":{"start":{"line":71,"column":4},"end":{"line":73,"column":5}},"type":"if","locations":[{"start":{"line":71,"column":4},"end":{"line":73,"column":5}}]},"5":{"loc":{"start":{"line":84,"column":6},"end":{"line":87,"column":7}},"type":"if","locations":[{"start":{"line":84,"column":6},"end":{"line":87,"column":7}}]},"6":{"loc":{"start":{"line":104,"column":6},"end":{"line":106,"column":7}},"type":"if","locations":[{"start":{"line":104,"column":6},"end":{"line":106,"column":7}}]},"7":{"loc":{"start":{"line":119,"column":4},"end":{"line":121,"column":5}},"type":"if","locations":[{"start":{"line":119,"column":4},"end":{"line":121,"column":5}}]},"8":{"loc":{"start":{"line":137,"column":23},"end":{"line":137,"column":62}},"type":"binary-expr","locations":[{"start":{"line":137,"column":23},"end":{"line":137,"column":56}},{"start":{"line":137,"column":60},"end":{"line":137,"column":62}}]},"9":{"loc":{"start":{"line":139,"column":21},"end":{"line":139,"column":46}},"type":"cond-expr","locations":[{"start":{"line":139,"column":31},"end":{"line":139,"column":41}},{"start":{"line":139,"column":44},"end":{"line":139,"column":46}}]},"10":{"loc":{"start":{"line":143,"column":24},"end":{"line":143,"column":63}},"type":"binary-expr","locations":[{"start":{"line":143,"column":24},"end":{"line":143,"column":57}},{"start":{"line":143,"column":61},"end":{"line":143,"column":63}}]},"11":{"loc":{"start":{"line":147,"column":26},"end":{"line":147,"column":67}},"type":"binary-expr","locations":[{"start":{"line":147,"column":26},"end":{"line":147,"column":61}},{"start":{"line":147,"column":65},"end":{"line":147,"column":67}}]},"12":{"loc":{"start":{"line":151,"column":28},"end":{"line":151,"column":67}},"type":"binary-expr","locations":[{"start":{"line":151,"column":28},"end":{"line":151,"column":61}},{"start":{"line":151,"column":65},"end":{"line":151,"column":67}}]},"13":{"loc":{"start":{"line":154,"column":24},"end":{"line":154,"column":82}},"type":"cond-expr","locations":[{"start":{"line":154,"column":37},"end":{"line":154,"column":78}},{"start":{"line":154,"column":81},"end":{"line":154,"column":82}}]},"14":{"loc":{"start":{"line":158,"column":27},"end":{"line":158,"column":66}},"type":"binary-expr","locations":[{"start":{"line":158,"column":27},"end":{"line":158,"column":60}},{"start":{"line":158,"column":64},"end":{"line":158,"column":66}}]},"15":{"loc":{"start":{"line":162,"column":29},"end":{"line":162,"column":83}},"type":"binary-expr","locations":[{"start":{"line":162,"column":29},"end":{"line":162,"column":77}},{"start":{"line":162,"column":81},"end":{"line":162,"column":83}}]},"16":{"loc":{"start":{"line":165,"column":10},"end":{"line":169,"column":11}},"type":"if","locations":[{"start":{"line":165,"column":10},"end":{"line":169,"column":11}},{"start":{"line":167,"column":17},"end":{"line":169,"column":11}}]},"17":{"loc":{"start":{"line":167,"column":17},"end":{"line":169,"column":11}},"type":"if","locations":[{"start":{"line":167,"column":17},"end":{"line":169,"column":11}}]},"18":{"loc":{"start":{"line":197,"column":4},"end":{"line":199,"column":5}},"type":"if","locations":[{"start":{"line":197,"column":4},"end":{"line":199,"column":5}}]},"19":{"loc":{"start":{"line":215,"column":24},"end":{"line":215,"column":63}},"type":"binary-expr","locations":[{"start":{"line":215,"column":24},"end":{"line":215,"column":57}},{"start":{"line":215,"column":61},"end":{"line":215,"column":63}}]},"20":{"loc":{"start":{"line":219,"column":26},"end":{"line":219,"column":67}},"type":"binary-expr","locations":[{"start":{"line":219,"column":26},"end":{"line":219,"column":61}},{"start":{"line":219,"column":65},"end":{"line":219,"column":67}}]},"21":{"loc":{"start":{"line":223,"column":28},"end":{"line":223,"column":67}},"type":"binary-expr","locations":[{"start":{"line":223,"column":28},"end":{"line":223,"column":61}},{"start":{"line":223,"column":65},"end":{"line":223,"column":67}}]},"22":{"loc":{"start":{"line":226,"column":24},"end":{"line":226,"column":82}},"type":"cond-expr","locations":[{"start":{"line":226,"column":37},"end":{"line":226,"column":78}},{"start":{"line":226,"column":81},"end":{"line":226,"column":82}}]},"23":{"loc":{"start":{"line":230,"column":30},"end":{"line":230,"column":75}},"type":"binary-expr","locations":[{"start":{"line":230,"column":30},"end":{"line":230,"column":69}},{"start":{"line":230,"column":73},"end":{"line":230,"column":75}}]},"24":{"loc":{"start":{"line":234,"column":24},"end":{"line":234,"column":63}},"type":"binary-expr","locations":[{"start":{"line":234,"column":24},"end":{"line":234,"column":57}},{"start":{"line":234,"column":61},"end":{"line":234,"column":63}}]},"25":{"loc":{"start":{"line":237,"column":25},"end":{"line":237,"column":65}},"type":"binary-expr","locations":[{"start":{"line":237,"column":25},"end":{"line":237,"column":59}},{"start":{"line":237,"column":63},"end":{"line":237,"column":65}}]},"26":{"loc":{"start":{"line":241,"column":29},"end":{"line":241,"column":83}},"type":"binary-expr","locations":[{"start":{"line":241,"column":29},"end":{"line":241,"column":77}},{"start":{"line":241,"column":81},"end":{"line":241,"column":83}}]},"27":{"loc":{"start":{"line":244,"column":10},"end":{"line":248,"column":11}},"type":"if","locations":[{"start":{"line":244,"column":10},"end":{"line":248,"column":11}},{"start":{"line":246,"column":17},"end":{"line":248,"column":11}}]},"28":{"loc":{"start":{"line":246,"column":17},"end":{"line":248,"column":11}},"type":"if","locations":[{"start":{"line":246,"column":17},"end":{"line":248,"column":11}}]},"29":{"loc":{"start":{"line":252,"column":27},"end":{"line":252,"column":109}},"type":"cond-expr","locations":[{"start":{"line":252,"column":45},"end":{"line":252,"column":97}},{"start":{"line":252,"column":100},"end":{"line":252,"column":109}}]},"30":{"loc":{"start":{"line":252,"column":54},"end":{"line":252,"column":96}},"type":"binary-expr","locations":[{"start":{"line":252,"column":54},"end":{"line":252,"column":89}},{"start":{"line":252,"column":93},"end":{"line":252,"column":96}}]},"31":{"loc":{"start":{"line":256,"column":28},"end":{"line":256,"column":112}},"type":"cond-expr","locations":[{"start":{"line":256,"column":47},"end":{"line":256,"column":100}},{"start":{"line":256,"column":103},"end":{"line":256,"column":112}}]},"32":{"loc":{"start":{"line":256,"column":56},"end":{"line":256,"column":99}},"type":"binary-expr","locations":[{"start":{"line":256,"column":56},"end":{"line":256,"column":92}},{"start":{"line":256,"column":96},"end":{"line":256,"column":99}}]},"33":{"loc":{"start":{"line":260,"column":31},"end":{"line":260,"column":84}},"type":"binary-expr","locations":[{"start":{"line":260,"column":31},"end":{"line":260,"column":71}},{"start":{"line":260,"column":75},"end":{"line":260,"column":84}}]},"34":{"loc":{"start":{"line":264,"column":27},"end":{"line":264,"column":76}},"type":"binary-expr","locations":[{"start":{"line":264,"column":27},"end":{"line":264,"column":63}},{"start":{"line":264,"column":67},"end":{"line":264,"column":76}}]},"35":{"loc":{"start":{"line":268,"column":28},"end":{"line":268,"column":78}},"type":"binary-expr","locations":[{"start":{"line":268,"column":28},"end":{"line":268,"column":65}},{"start":{"line":268,"column":69},"end":{"line":268,"column":78}}]},"36":{"loc":{"start":{"line":272,"column":34},"end":{"line":272,"column":79}},"type":"binary-expr","locations":[{"start":{"line":272,"column":34},"end":{"line":272,"column":73}},{"start":{"line":272,"column":77},"end":{"line":272,"column":79}}]},"37":{"loc":{"start":{"line":273,"column":30},"end":{"line":273,"column":114}},"type":"cond-expr","locations":[{"start":{"line":273,"column":48},"end":{"line":273,"column":87}},{"start":{"line":273,"column":90},"end":{"line":273,"column":114}}]},"38":{"loc":{"start":{"line":278,"column":33},"end":{"line":278,"column":62}},"type":"binary-expr","locations":[{"start":{"line":278,"column":33},"end":{"line":278,"column":56}},{"start":{"line":278,"column":60},"end":{"line":278,"column":62}}]},"39":{"loc":{"start":{"line":306,"column":31},"end":{"line":306,"column":76}},"type":"cond-expr","locations":[{"start":{"line":306,"column":51},"end":{"line":306,"column":64}},{"start":{"line":306,"column":67},"end":{"line":306,"column":76}}]},"40":{"loc":{"start":{"line":347,"column":8},"end":{"line":349,"column":9}},"type":"if","locations":[{"start":{"line":347,"column":8},"end":{"line":349,"column":9}}]},"41":{"loc":{"start":{"line":364,"column":4},"end":{"line":366,"column":5}},"type":"if","locations":[{"start":{"line":364,"column":4},"end":{"line":366,"column":5}}]}},"s":{"0":0,"1":0,"2":0,"3":0,"4":0,"5":0,"6":0,"7":0,"8":0,"9":0,"10":0,"11":0,"12":0,"13":0,"14":0,"15":0,"16":0,"17":0,"18":0,"19":0,"20":0,"21":0,"22":0,"23":0,"24":0,"25":0,"26":0,"27":0,"28":0,"29":0,"30":0,"31":0,"32":0,"33":0,"34":0,"35":0,"36":0,"37":0,"38":0,"39":0,"40":0,"41":0,"42":0,"43":0,"44":0,"45":0,"46":0,"47":0,"48":0,"49":0,"50":0,"51":0,"52":0,"53":0,"54":0,"55":0,"56":0,"57":0,"58":0,"59":0,"60":0,"61":0,"62":0,"63":0,"64":0,"65":0,"66":0,"67":0,"68":0,"69":0,"70":0,"71":0,"72":0,"73":0,"74":0,"75":0,"76":0,"77":0,"78":0,"79":0,"80":0,"81":0,"82":0,"83":0,"84":0,"85":0,"86":0,"87":0,"88":0,"89":0,"90":0,"91":0,"92":0,"93":0,"94":0,"95":0,"96":0,"97":0,"98":0,"99":0,"100":0,"101":0,"102":0,"103":0,"104":0,"105":0,"106":0,"107":0,"108":0,"109":0,"110":0,"111":0,"112":0,"113":0,"114":0,"115":0,"116":0,"117":0,"118":0,"119":0,"120":0,"121":0,"122":0,"123":0,"124":0,"125":0,"126":0,"127":0,"128":0,"129":0,"130":0,"131":0,"132":0,"133":0,"134":0,"135":0,"136":0,"137":0,"138":0,"139":0,"140":0,"141":0},"f":{"0":0,"1":0,"2":0,"3":0,"4":0,"5":0,"6":0,"7":0,"8":0,"9":0,"10":0,"11":0,"12":0,"13":0,"14":0,"15":0},"b":{"0":[0,0],"1":[0,0],"2":[0],"3":[0],"4":[0],"5":[0],"6":[0],"7":[0],"8":[0,0],"9":[0,0],"10":[0,0],"11":[0,0],"12":[0,0],"13":[0,0],"14":[0,0],"15":[0,0],"16":[0,0],"17":[0],"18":[0],"19":[0,0],"20":[0,0],"21":[0,0],"22":[0,0],"23":[0,0],"24":[0,0],"25":[0,0],"26":[0,0],"27":[0,0],"28":[0],"29":[0,0],"30":[0,0],"31":[0,0],"32":[0,0],"33":[0,0],"34":[0,0],"35":[0,0],"36":[0,0],"37":[0,0],"38":[0,0],"39":[0,0],"40":[0],"41":[0]}}
,"/Users/rabble/code/experiments/trademe_tracker/worker/src/middleware/auth.ts": {"path":"/Users/rabble/code/experiments/trademe_tracker/worker/src/middleware/auth.ts","statementMap":{"0":{"start":{"line":6,"column":24},"end":{"line":32,"column":1}},"1":{"start":{"line":7,"column":21},"end":{"line":7,"column":57}},"2":{"start":{"line":10,"column":2},"end":{"line":12,"column":3}},"3":{"start":{"line":11,"column":4},"end":{"line":11,"column":11}},"4":{"start":{"line":14,"column":2},"end":{"line":16,"column":3}},"5":{"start":{"line":15,"column":4},"end":{"line":15,"column":57}},"6":{"start":{"line":18,"column":16},"end":{"line":18,"column":40}},"7":{"start":{"line":20,"column":2},"end":{"line":31,"column":3}},"8":{"start":{"line":23,"column":4},"end":{"line":25,"column":5}},"9":{"start":{"line":24,"column":6},"end":{"line":24,"column":59}},"10":{"start":{"line":30,"column":4},"end":{"line":30,"column":57}},"11":{"start":{"line":6,"column":13},"end":{"line":6,"column":24}}},"fnMap":{"0":{"name":"(anonymous_0)","decl":{"start":{"line":6,"column":24},"end":{"line":6,"column":29}},"loc":{"start":{"line":6,"column":62},"end":{"line":32,"column":1}}}},"branchMap":{"0":{"loc":{"start":{"line":10,"column":2},"end":{"line":12,"column":3}},"type":"if","locations":[{"start":{"line":10,"column":2},"end":{"line":12,"column":3}}]},"1":{"loc":{"start":{"line":14,"column":2},"end":{"line":16,"column":3}},"type":"if","locations":[{"start":{"line":14,"column":2},"end":{"line":16,"column":3}}]},"2":{"loc":{"start":{"line":14,"column":6},"end":{"line":14,"column":54}},"type":"binary-expr","locations":[{"start":{"line":14,"column":6},"end":{"line":14,"column":17}},{"start":{"line":14,"column":21},"end":{"line":14,"column":54}}]},"3":{"loc":{"start":{"line":23,"column":4},"end":{"line":25,"column":5}},"type":"if","locations":[{"start":{"line":23,"column":4},"end":{"line":25,"column":5}}]}},"s":{"0":0,"1":0,"2":0,"3":0,"4":0,"5":0,"6":0,"7":0,"8":0,"9":0,"10":0,"11":0},"f":{"0":0},"b":{"0":[0],"1":[0],"2":[0,0],"3":[0]}}
,"/Users/rabble/code/experiments/trademe_tracker/worker/src/middleware/cors.ts": {"path":"/Users/rabble/code/experiments/trademe_tracker/worker/src/middleware/cors.ts","statementMap":{"0":{"start":{"line":3,"column":20},"end":{"line":7,"column":2}},"1":{"start":{"line":9,"column":26},"end":{"line":13,"column":1}},"2":{"start":{"line":10,"column":2},"end":{"line":12,"column":5}},"3":{"start":{"line":9,"column":13},"end":{"line":9,"column":26}},"4":{"start":{"line":15,"column":24},"end":{"line":20,"column":1}},"5":{"start":{"line":17,"column":2},"end":{"line":19,"column":3}},"6":{"start":{"line":18,"column":4},"end":{"line":18,"column":38}},"7":{"start":{"line":15,"column":13},"end":{"line":15,"column":24}},"8":{"start":{"line":23,"column":30},"end":{"line":31,"column":1}},"9":{"start":{"line":24,"column":22},"end":{"line":24,"column":59}},"10":{"start":{"line":26,"column":2},"end":{"line":28,"column":5}},"11":{"start":{"line":27,"column":4},"end":{"line":27,"column":40}},"12":{"start":{"line":30,"column":2},"end":{"line":30,"column":21}},"13":{"start":{"line":23,"column":13},"end":{"line":23,"column":30}}},"fnMap":{"0":{"name":"(anonymous_0)","decl":{"start":{"line":9,"column":26},"end":{"line":9,"column":29}},"loc":{"start":{"line":9,"column":31},"end":{"line":13,"column":1}}},"1":{"name":"(anonymous_1)","decl":{"start":{"line":15,"column":24},"end":{"line":15,"column":25}},"loc":{"start":{"line":15,"column":46},"end":{"line":20,"column":1}}},"2":{"name":"(anonymous_2)","decl":{"start":{"line":23,"column":30},"end":{"line":23,"column":31}},"loc":{"start":{"line":23,"column":63},"end":{"line":31,"column":1}}},"3":{"name":"(anonymous_3)","decl":{"start":{"line":26,"column":38},"end":{"line":26,"column":39}},"loc":{"start":{"line":26,"column":55},"end":{"line":28,"column":3}}}},"branchMap":{"0":{"loc":{"start":{"line":17,"column":2},"end":{"line":19,"column":3}},"type":"if","locations":[{"start":{"line":17,"column":2},"end":{"line":19,"column":3}}]}},"s":{"0":0,"1":0,"2":0,"3":0,"4":0,"5":0,"6":0,"7":0,"8":0,"9":0,"10":0,"11":0,"12":0,"13":0},"f":{"0":0,"1":0,"2":0,"3":0},"b":{"0":[0]}}
,"/Users/rabble/code/experiments/trademe_tracker/worker/src/middleware/errorHandler.ts": {"path":"/Users/rabble/code/experiments/trademe_tracker/worker/src/middleware/errorHandler.ts","statementMap":{"0":{"start":{"line":1,"column":0},"end":{"line":1,"column":40}},"1":{"start":{"line":12,"column":28},"end":{"line":48,"column":1}},"2":{"start":{"line":13,"column":2},"end":{"line":13,"column":33}},"3":{"start":{"line":16,"column":39},"end":{"line":22,"column":4}},"4":{"start":{"line":25,"column":2},"end":{"line":36,"column":3}},"5":{"start":{"line":26,"column":4},"end":{"line":26,"column":48}},"6":{"start":{"line":29,"column":4},"end":{"line":35,"column":5}},"7":{"start":{"line":30,"column":6},"end":{"line":30,"column":39}},"8":{"start":{"line":31,"column":6},"end":{"line":31,"column":45}},"9":{"start":{"line":32,"column":11},"end":{"line":35,"column":5}},"10":{"start":{"line":33,"column":6},"end":{"line":33,"column":39}},"11":{"start":{"line":34,"column":6},"end":{"line":34,"column":52}},"12":{"start":{"line":39,"column":19},"end":{"line":44,"column":4}},"13":{"start":{"line":47,"column":2},"end":{"line":47,"column":34}},"14":{"start":{"line":12,"column":13},"end":{"line":12,"column":28}}},"fnMap":{"0":{"name":"(anonymous_0)","decl":{"start":{"line":12,"column":28},"end":{"line":12,"column":29}},"loc":{"start":{"line":12,"column":61},"end":{"line":48,"column":1}}}},"branchMap":{"0":{"loc":{"start":{"line":25,"column":2},"end":{"line":36,"column":3}},"type":"if","locations":[{"start":{"line":25,"column":2},"end":{"line":36,"column":3}}]},"1":{"loc":{"start":{"line":29,"column":4},"end":{"line":35,"column":5}},"type":"if","locations":[{"start":{"line":29,"column":4},"end":{"line":35,"column":5}},{"start":{"line":32,"column":11},"end":{"line":35,"column":5}}]},"2":{"loc":{"start":{"line":32,"column":11},"end":{"line":35,"column":5}},"type":"if","locations":[{"start":{"line":32,"column":11},"end":{"line":35,"column":5}}]}},"s":{"0":0,"1":0,"2":0,"3":0,"4":0,"5":0,"6":0,"7":0,"8":0,"9":0,"10":0,"11":0,"12":0,"13":0,"14":0},"f":{"0":0},"b":{"0":[0],"1":[0,0],"2":[0]}}
,"/Users/rabble/code/experiments/trademe_tracker/worker/src/middleware/rateLimit.ts": {"path":"/Users/rabble/code/experiments/trademe_tracker/worker/src/middleware/rateLimit.ts","statementMap":{"0":{"start":{"line":6,"column":29},"end":{"line":32,"column":1}},"1":{"start":{"line":8,"column":2},"end":{"line":10,"column":3}},"2":{"start":{"line":9,"column":4},"end":{"line":9,"column":11}},"3":{"start":{"line":12,"column":13},"end":{"line":12,"column":65}},"4":{"start":{"line":13,"column":16},"end":{"line":13,"column":45}},"5":{"start":{"line":16,"column":14},"end":{"line":16,"column":40}},"6":{"start":{"line":18,"column":2},"end":{"line":31,"column":3}},"7":{"start":{"line":26,"column":4},"end":{"line":26,"column":11}},"8":{"start":{"line":28,"column":4},"end":{"line":28,"column":46}},"9":{"start":{"line":30,"column":4},"end":{"line":30,"column":11}},"10":{"start":{"line":6,"column":13},"end":{"line":6,"column":29}}},"fnMap":{"0":{"name":"(anonymous_0)","decl":{"start":{"line":6,"column":29},"end":{"line":6,"column":34}},"loc":{"start":{"line":6,"column":67},"end":{"line":32,"column":1}}}},"branchMap":{"0":{"loc":{"start":{"line":8,"column":2},"end":{"line":10,"column":3}},"type":"if","locations":[{"start":{"line":8,"column":2},"end":{"line":10,"column":3}}]},"1":{"loc":{"start":{"line":12,"column":13},"end":{"line":12,"column":65}},"type":"binary-expr","locations":[{"start":{"line":12,"column":13},"end":{"line":12,"column":52}},{"start":{"line":12,"column":56},"end":{"line":12,"column":65}}]}},"s":{"0":0,"1":0,"2":0,"3":0,"4":0,"5":0,"6":0,"7":0,"8":0,"9":0,"10":0},"f":{"0":0},"b":{"0":[0],"1":[0,0]}}
,"/Users/rabble/code/experiments/trademe_tracker/worker/src/routes/analytics.ts": {"path":"/Users/rabble/code/experiments/trademe_tracker/worker/src/routes/analytics.ts","statementMap":{"0":{"start":{"line":1,"column":0},"end":{"line":1,"column":47}},"1":{"start":{"line":3,"column":0},"end":{"line":3,"column":52}},"2":{"start":{"line":5,"column":0},"end":{"line":5,"column":58}},"3":{"start":{"line":8,"column":15},"end":{"line":8,"column":49}},"4":{"start":{"line":11,"column":0},"end":{"line":34,"column":3}},"5":{"start":{"line":12,"column":2},"end":{"line":33,"column":3}},"6":{"start":{"line":15,"column":20},"end":{"line":22,"column":6}},"7":{"start":{"line":24,"column":21},"end":{"line":28,"column":6}},"8":{"start":{"line":30,"column":4},"end":{"line":30,"column":36}},"9":{"start":{"line":32,"column":4},"end":{"line":32,"column":16}},"10":{"start":{"line":37,"column":0},"end":{"line":70,"column":3}},"11":{"start":{"line":38,"column":2},"end":{"line":69,"column":3}},"12":{"start":{"line":39,"column":18},"end":{"line":39,"column":82}},"13":{"start":{"line":40,"column":23},"end":{"line":40,"column":74}},"14":{"start":{"line":43,"column":24},"end":{"line":43,"column":71}},"15":{"start":{"line":44,"column":36},"end":{"line":44,"column":38}},"16":{"start":{"line":46,"column":4},"end":{"line":58,"column":5}},"17":{"start":{"line":47,"column":6},"end":{"line":47,"column":40}},"18":{"start":{"line":50,"column":6},"end":{"line":52,"column":7}},"19":{"start":{"line":51,"column":8},"end":{"line":51,"column":78}},"20":{"start":{"line":51,"column":43},"end":{"line":51,"column":76}},"21":{"start":{"line":55,"column":6},"end":{"line":57,"column":8}},"22":{"start":{"line":56,"column":8},"end":{"line":56,"column":77}},"23":{"start":{"line":60,"column":21},"end":{"line":64,"column":6}},"24":{"start":{"line":66,"column":4},"end":{"line":66,"column":36}},"25":{"start":{"line":68,"column":4},"end":{"line":68,"column":16}},"26":{"start":{"line":73,"column":0},"end":{"line":94,"column":3}},"27":{"start":{"line":74,"column":2},"end":{"line":93,"column":3}},"28":{"start":{"line":75,"column":19},"end":{"line":75,"column":33}},"29":{"start":{"line":76,"column":18},"end":{"line":76,"column":82}},"30":{"start":{"line":79,"column":26},"end":{"line":79,"column":48}},"31":{"start":{"line":82,"column":20},"end":{"line":82,"column":69}},"32":{"start":{"line":84,"column":21},"end":{"line":88,"column":6}},"33":{"start":{"line":90,"column":4},"end":{"line":90,"column":36}},"34":{"start":{"line":92,"column":4},"end":{"line":92,"column":16}},"35":{"start":{"line":97,"column":13},"end":{"line":99,"column":2}},"36":{"start":{"line":98,"column":49},"end":{"line":98,"column":80}}},"fnMap":{"0":{"name":"(anonymous_0)","decl":{"start":{"line":11,"column":23},"end":{"line":11,"column":28}},"loc":{"start":{"line":11,"column":61},"end":{"line":34,"column":1}}},"1":{"name":"(anonymous_1)","decl":{"start":{"line":37,"column":30},"end":{"line":37,"column":35}},"loc":{"start":{"line":37,"column":68},"end":{"line":70,"column":1}}},"2":{"name":"(anonymous_2)","decl":{"start":{"line":51,"column":33},"end":{"line":51,"column":39}},"loc":{"start":{"line":51,"column":43},"end":{"line":51,"column":76}}},"3":{"name":"(anonymous_3)","decl":{"start":{"line":55,"column":19},"end":{"line":55,"column":20}},"loc":{"start":{"line":56,"column":8},"end":{"line":56,"column":77}}},"4":{"name":"(anonymous_4)","decl":{"start":{"line":73,"column":36},"end":{"line":73,"column":41}},"loc":{"start":{"line":73,"column":74},"end":{"line":94,"column":1}}},"5":{"name":"(anonymous_5)","decl":{"start":{"line":98,"column":10},"end":{"line":98,"column":11}},"loc":{"start":{"line":98,"column":49},"end":{"line":98,"column":80}}}},"branchMap":{"0":{"loc":{"start":{"line":39,"column":27},"end":{"line":39,"column":81}},"type":"binary-expr","locations":[{"start":{"line":39,"column":27},"end":{"line":39,"column":73}},{"start":{"line":39,"column":77},"end":{"line":39,"column":81}}]},"1":{"loc":{"start":{"line":46,"column":4},"end":{"line":58,"column":5}},"type":"if","locations":[{"start":{"line":46,"column":4},"end":{"line":58,"column":5}}]},"2":{"loc":{"start":{"line":50,"column":6},"end":{"line":52,"column":7}},"type":"if","locations":[{"start":{"line":50,"column":6},"end":{"line":52,"column":7}}]},"3":{"loc":{"start":{"line":76,"column":27},"end":{"line":76,"column":81}},"type":"binary-expr","locations":[{"start":{"line":76,"column":27},"end":{"line":76,"column":73}},{"start":{"line":76,"column":77},"end":{"line":76,"column":81}}]}},"s":{"0":0,"1":0,"2":0,"3":0,"4":0,"5":0,"6":0,"7":0,"8":0,"9":0,"10":0,"11":0,"12":0,"13":0,"14":0,"15":0,"16":0,"17":0,"18":0,"19":0,"20":0,"21":0,"22":0,"23":0,"24":0,"25":0,"26":0,"27":0,"28":0,"29":0,"30":0,"31":0,"32":0,"33":0,"34":0,"35":0,"36":0},"f":{"0":0,"1":0,"2":0,"3":0,"4":0,"5":0},"b":{"0":[0,0],"1":[0],"2":[0],"3":[0,0]}}
,"/Users/rabble/code/experiments/trademe_tracker/worker/src/routes/properties.ts": {"path":"/Users/rabble/code/experiments/trademe_tracker/worker/src/routes/properties.ts","statementMap":{"0":{"start":{"line":1,"column":0},"end":{"line":1,"column":47}},"1":{"start":{"line":3,"column":0},"end":{"line":3,"column":52}},"2":{"start":{"line":6,"column":15},"end":{"line":6,"column":50}},"3":{"start":{"line":9,"column":0},"end":{"line":51,"column":3}},"4":{"start":{"line":10,"column":2},"end":{"line":50,"column":3}},"5":{"start":{"line":12,"column":16},"end":{"line":12,"column":36}},"6":{"start":{"line":13,"column":19},"end":{"line":13,"column":49}},"7":{"start":{"line":14,"column":17},"end":{"line":14,"column":62}},"8":{"start":{"line":15,"column":18},"end":{"line":15,"column":65}},"9":{"start":{"line":19,"column":23},"end":{"line":32,"column":6}},"10":{"start":{"line":34,"column":21},"end":{"line":45,"column":6}},"11":{"start":{"line":47,"column":4},"end":{"line":47,"column":36}},"12":{"start":{"line":49,"column":4},"end":{"line":49,"column":16}},"13":{"start":{"line":54,"column":0},"end":{"line":82,"column":3}},"14":{"start":{"line":55,"column":2},"end":{"line":81,"column":3}},"15":{"start":{"line":56,"column":19},"end":{"line":56,"column":33}},"16":{"start":{"line":60,"column":21},"end":{"line":70,"column":6}},"17":{"start":{"line":72,"column":21},"end":{"line":76,"column":6}},"18":{"start":{"line":78,"column":4},"end":{"line":78,"column":36}},"19":{"start":{"line":80,"column":4},"end":{"line":80,"column":16}},"20":{"start":{"line":85,"column":13},"end":{"line":87,"column":2}},"21":{"start":{"line":86,"column":49},"end":{"line":86,"column":80}}},"fnMap":{"0":{"name":"(anonymous_0)","decl":{"start":{"line":9,"column":16},"end":{"line":9,"column":21}},"loc":{"start":{"line":9,"column":54},"end":{"line":51,"column":1}}},"1":{"name":"(anonymous_1)","decl":{"start":{"line":54,"column":19},"end":{"line":54,"column":24}},"loc":{"start":{"line":54,"column":57},"end":{"line":82,"column":1}}},"2":{"name":"(anonymous_2)","decl":{"start":{"line":86,"column":10},"end":{"line":86,"column":11}},"loc":{"start":{"line":86,"column":49},"end":{"line":86,"column":80}}}},"branchMap":{"0":{"loc":{"start":{"line":14,"column":26},"end":{"line":14,"column":61}},"type":"binary-expr","locations":[{"start":{"line":14,"column":26},"end":{"line":14,"column":54}},{"start":{"line":14,"column":58},"end":{"line":14,"column":61}}]},"1":{"loc":{"start":{"line":15,"column":27},"end":{"line":15,"column":64}},"type":"binary-expr","locations":[{"start":{"line":15,"column":27},"end":{"line":15,"column":56}},{"start":{"line":15,"column":60},"end":{"line":15,"column":64}}]}},"s":{"0":0,"1":0,"2":0,"3":0,"4":0,"5":0,"6":0,"7":0,"8":0,"9":0,"10":0,"11":0,"12":0,"13":0,"14":0,"15":0,"16":0,"17":0,"18":0,"19":0,"20":0,"21":0},"f":{"0":0,"1":0,"2":0},"b":{"0":[0,0],"1":[0,0]}}
,"/Users/rabble/code/experiments/trademe_tracker/worker/src/services/changeTracker.ts": {"path":"/Users/rabble/code/experiments/trademe_tracker/worker/src/services/changeTracker.ts","statementMap":{"0":{"start":{"line":20,"column":4},"end":{"line":20,"column":19}},"1":{"start":{"line":30,"column":4},"end":{"line":68,"column":5}},"2":{"start":{"line":32,"column":35},"end":{"line":32,"column":94}},"3":{"start":{"line":33,"column":31},"end":{"line":33,"column":105}},"4":{"start":{"line":36,"column":44},"end":{"line":40,"column":8}},"5":{"start":{"line":43,"column":6},"end":{"line":46,"column":7}},"6":{"start":{"line":44,"column":8},"end":{"line":44,"column":81}},"7":{"start":{"line":45,"column":8},"end":{"line":45,"column":22}},"8":{"start":{"line":49,"column":6},"end":{"line":49,"column":70}},"9":{"start":{"line":52,"column":6},"end":{"line":57,"column":7}},"10":{"start":{"line":53,"column":27},"end":{"line":53,"column":56}},"11":{"start":{"line":54,"column":20},"end":{"line":54,"column":30}},"12":{"start":{"line":55,"column":29},"end":{"line":55,"column":103}},"13":{"start":{"line":56,"column":8},"end":{"line":56,"column":47}},"14":{"start":{"line":59,"column":6},"end":{"line":59,"column":20}},"15":{"start":{"line":61,"column":6},"end":{"line":61,"column":72}},"16":{"start":{"line":63,"column":6},"end":{"line":67,"column":8}},"17":{"start":{"line":79,"column":38},"end":{"line":79,"column":40}},"18":{"start":{"line":82,"column":4},"end":{"line":85,"column":5}},"19":{"start":{"line":83,"column":26},"end":{"line":83,"column":74}},"20":{"start":{"line":84,"column":6},"end":{"line":84,"column":32}},"21":{"start":{"line":88,"column":4},"end":{"line":91,"column":5}},"22":{"start":{"line":89,"column":27},"end":{"line":89,"column":76}},"23":{"start":{"line":90,"column":6},"end":{"line":90,"column":33}},"24":{"start":{"line":94,"column":4},"end":{"line":98,"column":5}},"25":{"start":{"line":96,"column":32},"end":{"line":96,"column":86}},"26":{"start":{"line":97,"column":6},"end":{"line":97,"column":38}},"27":{"start":{"line":101,"column":4},"end":{"line":109,"column":5}},"28":{"start":{"line":102,"column":28},"end":{"line":102,"column":53}},"29":{"start":{"line":103,"column":28},"end":{"line":103,"column":53}},"30":{"start":{"line":105,"column":6},"end":{"line":108,"column":7}},"31":{"start":{"line":106,"column":28},"end":{"line":106,"column":81}},"32":{"start":{"line":107,"column":8},"end":{"line":107,"column":34}},"33":{"start":{"line":111,"column":4},"end":{"line":111,"column":19}},"34":{"start":{"line":118,"column":21},"end":{"line":118,"column":38}},"35":{"start":{"line":119,"column":21},"end":{"line":119,"column":38}},"36":{"start":{"line":120,"column":22},"end":{"line":120,"column":41}},"37":{"start":{"line":121,"column":26},"end":{"line":121,"column":54}},"38":{"start":{"line":124,"column":29},"end":{"line":124,"column":63}},"39":{"start":{"line":125,"column":22},"end":{"line":125,"column":63}},"40":{"start":{"line":128,"column":24},"end":{"line":128,"column":26}},"41":{"start":{"line":129,"column":4},"end":{"line":134,"column":5}},"42":{"start":{"line":131,"column":6},"end":{"line":131,"column":81}},"43":{"start":{"line":133,"column":6},"end":{"line":133,"column":67}},"44":{"start":{"line":136,"column":4},"end":{"line":145,"column":6}},"45":{"start":{"line":153,"column":24},"end":{"line":153,"column":92}},"46":{"start":{"line":156,"column":4},"end":{"line":164,"column":5}},"47":{"start":{"line":157,"column":6},"end":{"line":157,"column":52}},"48":{"start":{"line":158,"column":11},"end":{"line":164,"column":5}},"49":{"start":{"line":159,"column":6},"end":{"line":159,"column":47}},"50":{"start":{"line":160,"column":11},"end":{"line":164,"column":5}},"51":{"start":{"line":161,"column":6},"end":{"line":161,"column":57}},"52":{"start":{"line":162,"column":11},"end":{"line":164,"column":5}},"53":{"start":{"line":163,"column":6},"end":{"line":163,"column":59}},"54":{"start":{"line":166,"column":4},"end":{"line":175,"column":6}},"55":{"start":{"line":184,"column":4},"end":{"line":193,"column":6}},"56":{"start":{"line":200,"column":21},"end":{"line":200,"column":52}},"57":{"start":{"line":201,"column":21},"end":{"line":201,"column":52}},"58":{"start":{"line":203,"column":24},"end":{"line":203,"column":26}},"59":{"start":{"line":204,"column":4},"end":{"line":210,"column":5}},"60":{"start":{"line":205,"column":25},"end":{"line":205,"column":44}},"61":{"start":{"line":206,"column":6},"end":{"line":206,"column":82}},"62":{"start":{"line":208,"column":27},"end":{"line":208,"column":46}},"63":{"start":{"line":209,"column":6},"end":{"line":209,"column":84}},"64":{"start":{"line":212,"column":4},"end":{"line":221,"column":6}},"65":{"start":{"line":230,"column":4},"end":{"line":232,"column":5}},"66":{"start":{"line":231,"column":6},"end":{"line":231,"column":13}},"67":{"start":{"line":234,"column":4},"end":{"line":246,"column":5}},"68":{"start":{"line":236,"column":34},"end":{"line":236,"column":86}},"69":{"start":{"line":237,"column":30},"end":{"line":237,"column":108}},"70":{"start":{"line":240,"column":25},"end":{"line":240,"column":71}},"71":{"start":{"line":241,"column":6},"end":{"line":241,"column":87}},"72":{"start":{"line":243,"column":6},"end":{"line":243,"column":63}},"73":{"start":{"line":245,"column":6},"end":{"line":245,"column":62}},"74":{"start":{"line":255,"column":4},"end":{"line":272,"column":5}},"75":{"start":{"line":257,"column":6},"end":{"line":257,"column":92}},"76":{"start":{"line":260,"column":24},"end":{"line":260,"column":70}},"77":{"start":{"line":261,"column":6},"end":{"line":264,"column":8}},"78":{"start":{"line":267,"column":6},"end":{"line":269,"column":7}},"79":{"start":{"line":268,"column":8},"end":{"line":268,"column":108}},"80":{"start":{"line":271,"column":6},"end":{"line":271,"column":82}},"81":{"start":{"line":283,"column":4},"end":{"line":303,"column":5}},"82":{"start":{"line":285,"column":19},"end":{"line":285,"column":99}},"83":{"start":{"line":288,"column":25},"end":{"line":288,"column":79}},"84":{"start":{"line":288,"column":50},"end":{"line":288,"column":78}},"85":{"start":{"line":291,"column":36},"end":{"line":291,"column":38}},"86":{"start":{"line":292,"column":6},"end":{"line":297,"column":7}},"87":{"start":{"line":293,"column":29},"end":{"line":293,"column":71}},"88":{"start":{"line":294,"column":8},"end":{"line":296,"column":9}},"89":{"start":{"line":295,"column":10},"end":{"line":295,"column":63}},"90":{"start":{"line":299,"column":6},"end":{"line":299,"column":23}},"91":{"start":{"line":301,"column":6},"end":{"line":301,"column":80}},"92":{"start":{"line":302,"column":6},"end":{"line":302,"column":16}},"93":{"start":{"line":16,"column":0},"end":{"line":16,"column":13}}},"fnMap":{"0":{"name":"(anonymous_0)","decl":{"start":{"line":19,"column":2},"end":{"line":19,"column":14}},"loc":{"start":{"line":19,"column":22},"end":{"line":21,"column":3}}},"1":{"name":"(anonymous_1)","decl":{"start":{"line":29,"column":2},"end":{"line":29,"column":7}},"loc":{"start":{"line":29,"column":42},"end":{"line":69,"column":3}}},"2":{"name":"(anonymous_2)","decl":{"start":{"line":78,"column":10},"end":{"line":78,"column":23}},"loc":{"start":{"line":78,"column":68},"end":{"line":112,"column":3}}},"3":{"name":"(anonymous_3)","decl":{"start":{"line":117,"column":10},"end":{"line":117,"column":27}},"loc":{"start":{"line":117,"column":72},"end":{"line":146,"column":3}}},"4":{"name":"(anonymous_4)","decl":{"start":{"line":151,"column":10},"end":{"line":151,"column":28}},"loc":{"start":{"line":151,"column":73},"end":{"line":176,"column":3}}},"5":{"name":"(anonymous_5)","decl":{"start":{"line":181,"column":10},"end":{"line":181,"column":33}},"loc":{"start":{"line":181,"column":78},"end":{"line":194,"column":3}}},"6":{"name":"(anonymous_6)","decl":{"start":{"line":199,"column":10},"end":{"line":199,"column":32}},"loc":{"start":{"line":199,"column":77},"end":{"line":222,"column":3}}},"7":{"name":"(anonymous_7)","decl":{"start":{"line":229,"column":2},"end":{"line":229,"column":7}},"loc":{"start":{"line":229,"column":46},"end":{"line":247,"column":3}}},"8":{"name":"(anonymous_8)","decl":{"start":{"line":254,"column":2},"end":{"line":254,"column":7}},"loc":{"start":{"line":254,"column":48},"end":{"line":273,"column":3}}},"9":{"name":"(anonymous_9)","decl":{"start":{"line":282,"column":2},"end":{"line":282,"column":7}},"loc":{"start":{"line":282,"column":65},"end":{"line":304,"column":3}}},"10":{"name":"(anonymous_10)","decl":{"start":{"line":288,"column":40},"end":{"line":288,"column":41}},"loc":{"start":{"line":288,"column":50},"end":{"line":288,"column":78}}}},"branchMap":{"0":{"loc":{"start":{"line":33,"column":31},"end":{"line":33,"column":105}},"type":"cond-expr","locations":[{"start":{"line":33,"column":54},"end":{"line":33,"column":98}},{"start":{"line":33,"column":101},"end":{"line":33,"column":105}}]},"1":{"loc":{"start":{"line":43,"column":6},"end":{"line":46,"column":7}},"type":"if","locations":[{"start":{"line":43,"column":6},"end":{"line":46,"column":7}}]},"2":{"loc":{"start":{"line":52,"column":6},"end":{"line":57,"column":7}},"type":"if","locations":[{"start":{"line":52,"column":6},"end":{"line":57,"column":7}}]},"3":{"loc":{"start":{"line":82,"column":4},"end":{"line":85,"column":5}},"type":"if","locations":[{"start":{"line":82,"column":4},"end":{"line":85,"column":5}}]},"4":{"loc":{"start":{"line":88,"column":4},"end":{"line":91,"column":5}},"type":"if","locations":[{"start":{"line":88,"column":4},"end":{"line":91,"column":5}}]},"5":{"loc":{"start":{"line":94,"column":4},"end":{"line":98,"column":5}},"type":"if","locations":[{"start":{"line":94,"column":4},"end":{"line":98,"column":5}}]},"6":{"loc":{"start":{"line":94,"column":8},"end":{"line":95,"column":58}},"type":"binary-expr","locations":[{"start":{"line":94,"column":8},"end":{"line":94,"column":59}},{"start":{"line":95,"column":8},"end":{"line":95,"column":31}},{"start":{"line":95,"column":35},"end":{"line":95,"column":58}}]},"7":{"loc":{"start":{"line":101,"column":4},"end":{"line":109,"column":5}},"type":"if","locations":[{"start":{"line":101,"column":4},"end":{"line":109,"column":5}}]},"8":{"loc":{"start":{"line":101,"column":8},"end":{"line":101,"column":48}},"type":"binary-expr","locations":[{"start":{"line":101,"column":8},"end":{"line":101,"column":26}},{"start":{"line":101,"column":30},"end":{"line":101,"column":48}}]},"9":{"loc":{"start":{"line":105,"column":6},"end":{"line":108,"column":7}},"type":"if","locations":[{"start":{"line":105,"column":6},"end":{"line":108,"column":7}}]},"10":{"loc":{"start":{"line":125,"column":22},"end":{"line":125,"column":63}},"type":"cond-expr","locations":[{"start":{"line":125,"column":38},"end":{"line":125,"column":49}},{"start":{"line":125,"column":52},"end":{"line":125,"column":63}}]},"11":{"loc":{"start":{"line":129,"column":4},"end":{"line":134,"column":5}},"type":"if","locations":[{"start":{"line":129,"column":4},"end":{"line":134,"column":5}},{"start":{"line":132,"column":11},"end":{"line":134,"column":5}}]},"12":{"loc":{"start":{"line":156,"column":4},"end":{"line":164,"column":5}},"type":"if","locations":[{"start":{"line":156,"column":4},"end":{"line":164,"column":5}},{"start":{"line":158,"column":11},"end":{"line":164,"column":5}}]},"13":{"loc":{"start":{"line":156,"column":8},"end":{"line":156,"column":79}},"type":"binary-expr","locations":[{"start":{"line":156,"column":8},"end":{"line":156,"column":39}},{"start":{"line":156,"column":43},"end":{"line":156,"column":79}}]},"14":{"loc":{"start":{"line":158,"column":11},"end":{"line":164,"column":5}},"type":"if","locations":[{"start":{"line":158,"column":11},"end":{"line":164,"column":5}},{"start":{"line":160,"column":11},"end":{"line":164,"column":5}}]},"15":{"loc":{"start":{"line":158,"column":15},"end":{"line":158,"column":79}},"type":"binary-expr","locations":[{"start":{"line":158,"column":15},"end":{"line":158,"column":46}},{"start":{"line":158,"column":50},"end":{"line":158,"column":79}}]},"16":{"loc":{"start":{"line":160,"column":11},"end":{"line":164,"column":5}},"type":"if","locations":[{"start":{"line":160,"column":11},"end":{"line":164,"column":5}},{"start":{"line":162,"column":11},"end":{"line":164,"column":5}}]},"17":{"loc":{"start":{"line":160,"column":15},"end":{"line":160,"column":84}},"type":"binary-expr","locations":[{"start":{"line":160,"column":15},"end":{"line":160,"column":51}},{"start":{"line":160,"column":55},"end":{"line":160,"column":84}}]},"18":{"loc":{"start":{"line":162,"column":11},"end":{"line":164,"column":5}},"type":"if","locations":[{"start":{"line":162,"column":11},"end":{"line":164,"column":5}}]},"19":{"loc":{"start":{"line":200,"column":21},"end":{"line":200,"column":52}},"type":"binary-expr","locations":[{"start":{"line":200,"column":21},"end":{"line":200,"column":47}},{"start":{"line":200,"column":51},"end":{"line":200,"column":52}}]},"20":{"loc":{"start":{"line":201,"column":21},"end":{"line":201,"column":52}},"type":"binary-expr","locations":[{"start":{"line":201,"column":21},"end":{"line":201,"column":47}},{"start":{"line":201,"column":51},"end":{"line":201,"column":52}}]},"21":{"loc":{"start":{"line":204,"column":4},"end":{"line":210,"column":5}},"type":"if","locations":[{"start":{"line":204,"column":4},"end":{"line":210,"column":5}},{"start":{"line":207,"column":11},"end":{"line":210,"column":5}}]},"22":{"loc":{"start":{"line":206,"column":48},"end":{"line":206,"column":73}},"type":"cond-expr","locations":[{"start":{"line":206,"column":65},"end":{"line":206,"column":68}},{"start":{"line":206,"column":71},"end":{"line":206,"column":73}}]},"23":{"loc":{"start":{"line":209,"column":46},"end":{"line":209,"column":73}},"type":"cond-expr","locations":[{"start":{"line":209,"column":65},"end":{"line":209,"column":68}},{"start":{"line":209,"column":71},"end":{"line":209,"column":73}}]},"24":{"loc":{"start":{"line":230,"column":4},"end":{"line":232,"column":5}},"type":"if","locations":[{"start":{"line":230,"column":4},"end":{"line":232,"column":5}}]},"25":{"loc":{"start":{"line":237,"column":30},"end":{"line":237,"column":108}},"type":"cond-expr","locations":[{"start":{"line":237,"column":52},"end":{"line":237,"column":103}},{"start":{"line":237,"column":106},"end":{"line":237,"column":108}}]},"26":{"loc":{"start":{"line":267,"column":6},"end":{"line":269,"column":7}},"type":"if","locations":[{"start":{"line":267,"column":6},"end":{"line":269,"column":7}}]},"27":{"loc":{"start":{"line":267,"column":10},"end":{"line":267,"column":55}},"type":"binary-expr","locations":[{"start":{"line":267,"column":10},"end":{"line":267,"column":25}},{"start":{"line":267,"column":29},"end":{"line":267,"column":55}}]},"28":{"loc":{"start":{"line":282,"column":47},"end":{"line":282,"column":65}},"type":"default-arg","locations":[{"start":{"line":282,"column":63},"end":{"line":282,"column":65}}]},"29":{"loc":{"start":{"line":294,"column":8},"end":{"line":296,"column":9}},"type":"if","locations":[{"start":{"line":294,"column":8},"end":{"line":296,"column":9}}]}},"s":{"0":0,"1":0,"2":0,"3":0,"4":0,"5":0,"6":0,"7":0,"8":0,"9":0,"10":0,"11":0,"12":0,"13":0,"14":0,"15":0,"16":0,"17":0,"18":0,"19":0,"20":0,"21":0,"22":0,"23":0,"24":0,"25":0,"26":0,"27":0,"28":0,"29":0,"30":0,"31":0,"32":0,"33":0,"34":0,"35":0,"36":0,"37":0,"38":0,"39":0,"40":0,"41":0,"42":0,"43":0,"44":0,"45":0,"46":0,"47":0,"48":0,"49":0,"50":0,"51":0,"52":0,"53":0,"54":0,"55":0,"56":0,"57":0,"58":0,"59":0,"60":0,"61":0,"62":0,"63":0,"64":0,"65":0,"66":0,"67":0,"68":0,"69":0,"70":0,"71":0,"72":0,"73":0,"74":0,"75":0,"76":0,"77":0,"78":0,"79":0,"80":0,"81":0,"82":0,"83":0,"84":0,"85":0,"86":0,"87":0,"88":0,"89":0,"90":0,"91":0,"92":0,"93":0},"f":{"0":0,"1":0,"2":0,"3":0,"4":0,"5":0,"6":0,"7":0,"8":0,"9":0,"10":0},"b":{"0":[0,0],"1":[0],"2":[0],"3":[0],"4":[0],"5":[0],"6":[0,0,0],"7":[0],"8":[0,0],"9":[0],"10":[0,0],"11":[0,0],"12":[0,0],"13":[0,0],"14":[0,0],"15":[0,0],"16":[0,0],"17":[0,0],"18":[0],"19":[0,0],"20":[0,0],"21":[0,0],"22":[0,0],"23":[0,0],"24":[0],"25":[0,0],"26":[0],"27":[0,0],"28":[0],"29":[0]}}
,"/Users/rabble/code/experiments/trademe_tracker/worker/src/services/scraper.ts": {"path":"/Users/rabble/code/experiments/trademe_tracker/worker/src/services/scraper.ts","statementMap":{"0":{"start":{"line":8,"column":0},"end":{"line":8,"column":7}},"1":{"start":{"line":2,"column":0},"end":{"line":2,"column":41}},"2":{"start":{"line":4,"column":0},"end":{"line":4,"column":43}},"3":{"start":{"line":5,"column":0},"end":{"line":5,"column":48}},"4":{"start":{"line":9,"column":2},"end":{"line":9,"column":49}},"5":{"start":{"line":11,"column":2},"end":{"line":46,"column":3}},"6":{"start":{"line":13,"column":24},"end":{"line":13,"column":69}},"7":{"start":{"line":14,"column":4},"end":{"line":24,"column":5}},"8":{"start":{"line":15,"column":22},"end":{"line":15,"column":43}},"9":{"start":{"line":16,"column":18},"end":{"line":16,"column":28}},"10":{"start":{"line":17,"column":32},"end":{"line":17,"column":86}},"11":{"start":{"line":18,"column":34},"end":{"line":18,"column":77}},"12":{"start":{"line":20,"column":6},"end":{"line":23,"column":7}},"13":{"start":{"line":21,"column":8},"end":{"line":21,"column":101}},"14":{"start":{"line":22,"column":8},"end":{"line":22,"column":15}},"15":{"start":{"line":27,"column":27},"end":{"line":27,"column":50}},"16":{"start":{"line":28,"column":26},"end":{"line":28,"column":48}},"17":{"start":{"line":31,"column":23},"end":{"line":31,"column":60}},"18":{"start":{"line":34,"column":20},"end":{"line":34,"column":91}},"19":{"start":{"line":37,"column":4},"end":{"line":37,"column":40}},"20":{"start":{"line":40,"column":4},"end":{"line":40,"column":76}},"21":{"start":{"line":42,"column":4},"end":{"line":42,"column":65}},"22":{"start":{"line":44,"column":4},"end":{"line":44,"column":61}},"23":{"start":{"line":51,"column":2},"end":{"line":51,"column":50}},"24":{"start":{"line":53,"column":18},"end":{"line":57,"column":4}},"25":{"start":{"line":59,"column":2},"end":{"line":87,"column":3}},"26":{"start":{"line":61,"column":4},"end":{"line":61,"column":31}},"27":{"start":{"line":62,"column":4},"end":{"line":62,"column":26}},"28":{"start":{"line":65,"column":31},"end":{"line":65,"column":68}},"29":{"start":{"line":68,"column":43},"end":{"line":68,"column":45}},"30":{"start":{"line":70,"column":4},"end":{"line":81,"column":5}},"31":{"start":{"line":71,"column":6},"end":{"line":80,"column":7}},"32":{"start":{"line":73,"column":8},"end":{"line":73,"column":64}},"33":{"start":{"line":73,"column":37},"end":{"line":73,"column":62}},"34":{"start":{"line":75,"column":33},"end":{"line":75,"column":78}},"35":{"start":{"line":76,"column":8},"end":{"line":76,"column":50}},"36":{"start":{"line":78,"column":8},"end":{"line":78,"column":84}},"37":{"start":{"line":83,"column":4},"end":{"line":83,"column":30}},"38":{"start":{"line":86,"column":4},"end":{"line":86,"column":26}},"39":{"start":{"line":97,"column":2},"end":{"line":97,"column":60}},"40":{"start":{"line":99,"column":39},"end":{"line":99,"column":41}},"41":{"start":{"line":101,"column":2},"end":{"line":142,"column":3}},"42":{"start":{"line":102,"column":4},"end":{"line":141,"column":5}},"43":{"start":{"line":104,"column":6},"end":{"line":117,"column":7}},"44":{"start":{"line":105,"column":8},"end":{"line":116,"column":9}},"45":{"start":{"line":106,"column":10},"end":{"line":106,"column":97}},"46":{"start":{"line":109,"column":34},"end":{"line":109,"column":106}},"47":{"start":{"line":112,"column":10},"end":{"line":112,"column":44}},"48":{"start":{"line":114,"column":10},"end":{"line":114,"column":87}},"49":{"start":{"line":120,"column":27},"end":{"line":120,"column":72}},"50":{"start":{"line":123,"column":6},"end":{"line":123,"column":71}},"51":{"start":{"line":126,"column":6},"end":{"line":128,"column":7}},"52":{"start":{"line":127,"column":8},"end":{"line":127,"column":49}},"53":{"start":{"line":131,"column":6},"end":{"line":137,"column":7}},"54":{"start":{"line":132,"column":8},"end":{"line":132,"column":78}},"55":{"start":{"line":133,"column":13},"end":{"line":137,"column":7}},"56":{"start":{"line":134,"column":8},"end":{"line":134,"column":108}},"57":{"start":{"line":136,"column":8},"end":{"line":136,"column":71}},"58":{"start":{"line":139,"column":6},"end":{"line":139,"column":72}},"59":{"start":{"line":145,"column":2},"end":{"line":147,"column":3}},"60":{"start":{"line":146,"column":4},"end":{"line":146,"column":49}},"61":{"start":{"line":149,"column":2},"end":{"line":149,"column":93}},"62":{"start":{"line":150,"column":2},"end":{"line":150,"column":20}},"63":{"start":{"line":155,"column":2},"end":{"line":155,"column":41}},"64":{"start":{"line":157,"column":2},"end":{"line":194,"column":3}},"65":{"start":{"line":159,"column":35},"end":{"line":159,"column":37}},"66":{"start":{"line":160,"column":17},"end":{"line":160,"column":70}},"67":{"start":{"line":162,"column":4},"end":{"line":169,"column":5}},"68":{"start":{"line":163,"column":6},"end":{"line":168,"column":7}},"69":{"start":{"line":164,"column":29},"end":{"line":164,"column":66}},"70":{"start":{"line":165,"column":8},"end":{"line":167,"column":9}},"71":{"start":{"line":166,"column":10},"end":{"line":166,"column":64}},"72":{"start":{"line":172,"column":20},"end":{"line":183,"column":6}},"73":{"start":{"line":174,"column":47},"end":{"line":174,"column":68}},"74":{"start":{"line":175,"column":51},"end":{"line":175,"column":77}},"75":{"start":{"line":176,"column":45},"end":{"line":176,"column":64}},"76":{"start":{"line":178,"column":40},"end":{"line":178,"column":53}},"77":{"start":{"line":180,"column":50},"end":{"line":180,"column":71}},"78":{"start":{"line":181,"column":33},"end":{"line":181,"column":54}},"79":{"start":{"line":181,"column":75},"end":{"line":181,"column":104}},"80":{"start":{"line":181,"column":134},"end":{"line":181,"column":155}},"81":{"start":{"line":186,"column":4},"end":{"line":186,"column":78}},"82":{"start":{"line":189,"column":4},"end":{"line":191,"column":5}},"83":{"start":{"line":190,"column":6},"end":{"line":190,"column":87}},"84":{"start":{"line":193,"column":4},"end":{"line":193,"column":54}}},"fnMap":{"0":{"name":"scheduledScraper","decl":{"start":{"line":8,"column":22},"end":{"line":8,"column":38}},"loc":{"start":{"line":8,"column":47},"end":{"line":47,"column":1}}},"1":{"name":"fetchPropertiesFromTradeMe","decl":{"start":{"line":50,"column":15},"end":{"line":50,"column":41}},"loc":{"start":{"line":50,"column":50},"end":{"line":88,"column":1}}},"2":{"name":"(anonymous_2)","decl":{"start":{"line":73,"column":26},"end":{"line":73,"column":33}},"loc":{"start":{"line":73,"column":37},"end":{"line":73,"column":62}}},"3":{"name":"processProperties","decl":{"start":{"line":91,"column":15},"end":{"line":91,"column":32}},"loc":{"start":{"line":95,"column":30},"end":{"line":151,"column":1}}},"4":{"name":"updateAnalytics","decl":{"start":{"line":154,"column":15},"end":{"line":154,"column":30}},"loc":{"start":{"line":154,"column":66},"end":{"line":195,"column":1}}},"5":{"name":"(anonymous_5)","decl":{"start":{"line":174,"column":42},"end":{"line":174,"column":43}},"loc":{"start":{"line":174,"column":47},"end":{"line":174,"column":68}}},"6":{"name":"(anonymous_6)","decl":{"start":{"line":175,"column":46},"end":{"line":175,"column":47}},"loc":{"start":{"line":175,"column":51},"end":{"line":175,"column":77}}},"7":{"name":"(anonymous_7)","decl":{"start":{"line":176,"column":40},"end":{"line":176,"column":41}},"loc":{"start":{"line":176,"column":45},"end":{"line":176,"column":64}}},"8":{"name":"(anonymous_8)","decl":{"start":{"line":178,"column":28},"end":{"line":178,"column":29}},"loc":{"start":{"line":178,"column":40},"end":{"line":178,"column":53}}},"9":{"name":"(anonymous_9)","decl":{"start":{"line":180,"column":45},"end":{"line":180,"column":46}},"loc":{"start":{"line":180,"column":50},"end":{"line":180,"column":71}}},"10":{"name":"(anonymous_10)","decl":{"start":{"line":181,"column":28},"end":{"line":181,"column":29}},"loc":{"start":{"line":181,"column":33},"end":{"line":181,"column":54}}},"11":{"name":"(anonymous_11)","decl":{"start":{"line":181,"column":63},"end":{"line":181,"column":64}},"loc":{"start":{"line":181,"column":75},"end":{"line":181,"column":104}}},"12":{"name":"(anonymous_12)","decl":{"start":{"line":181,"column":129},"end":{"line":181,"column":130}},"loc":{"start":{"line":181,"column":134},"end":{"line":181,"column":155}}}},"branchMap":{"0":{"loc":{"start":{"line":14,"column":4},"end":{"line":24,"column":5}},"type":"if","locations":[{"start":{"line":14,"column":4},"end":{"line":24,"column":5}}]},"1":{"loc":{"start":{"line":18,"column":43},"end":{"line":18,"column":76}},"type":"binary-expr","locations":[{"start":{"line":18,"column":43},"end":{"line":18,"column":68}},{"start":{"line":18,"column":72},"end":{"line":18,"column":76}}]},"2":{"loc":{"start":{"line":20,"column":6},"end":{"line":23,"column":7}},"type":"if","locations":[{"start":{"line":20,"column":6},"end":{"line":23,"column":7}}]},"3":{"loc":{"start":{"line":104,"column":6},"end":{"line":117,"column":7}},"type":"if","locations":[{"start":{"line":104,"column":6},"end":{"line":117,"column":7}}]},"4":{"loc":{"start":{"line":104,"column":10},"end":{"line":104,"column":55}},"type":"binary-expr","locations":[{"start":{"line":104,"column":10},"end":{"line":104,"column":25}},{"start":{"line":104,"column":29},"end":{"line":104,"column":55}}]},"5":{"loc":{"start":{"line":126,"column":6},"end":{"line":128,"column":7}},"type":"if","locations":[{"start":{"line":126,"column":6},"end":{"line":128,"column":7}}]},"6":{"loc":{"start":{"line":131,"column":6},"end":{"line":137,"column":7}},"type":"if","locations":[{"start":{"line":131,"column":6},"end":{"line":137,"column":7}},{"start":{"line":133,"column":13},"end":{"line":137,"column":7}}]},"7":{"loc":{"start":{"line":133,"column":13},"end":{"line":137,"column":7}},"type":"if","locations":[{"start":{"line":133,"column":13},"end":{"line":137,"column":7}},{"start":{"line":135,"column":13},"end":{"line":137,"column":7}}]},"8":{"loc":{"start":{"line":145,"column":2},"end":{"line":147,"column":3}},"type":"if","locations":[{"start":{"line":145,"column":2},"end":{"line":147,"column":3}}]},"9":{"loc":{"start":{"line":163,"column":6},"end":{"line":168,"column":7}},"type":"if","locations":[{"start":{"line":163,"column":6},"end":{"line":168,"column":7}}]},"10":{"loc":{"start":{"line":165,"column":8},"end":{"line":167,"column":9}},"type":"if","locations":[{"start":{"line":165,"column":8},"end":{"line":167,"column":9}}]},"11":{"loc":{"start":{"line":177,"column":20},"end":{"line":179,"column":11}},"type":"cond-expr","locations":[{"start":{"line":178,"column":10},"end":{"line":178,"column":77}},{"start":{"line":179,"column":10},"end":{"line":179,"column":11}}]},"12":{"loc":{"start":{"line":180,"column":27},"end":{"line":182,"column":11}},"type":"cond-expr","locations":[{"start":{"line":181,"column":10},"end":{"line":181,"column":163}},{"start":{"line":182,"column":10},"end":{"line":182,"column":11}}]},"13":{"loc":{"start":{"line":181,"column":82},"end":{"line":181,"column":103}},"type":"binary-expr","locations":[{"start":{"line":181,"column":82},"end":{"line":181,"column":98}},{"start":{"line":181,"column":102},"end":{"line":181,"column":103}}]},"14":{"loc":{"start":{"line":189,"column":4},"end":{"line":191,"column":5}},"type":"if","locations":[{"start":{"line":189,"column":4},"end":{"line":191,"column":5}}]}},"s":{"0":0,"1":0,"2":0,"3":0,"4":0,"5":0,"6":0,"7":0,"8":0,"9":0,"10":0,"11":0,"12":0,"13":0,"14":0,"15":0,"16":0,"17":0,"18":0,"19":0,"20":0,"21":0,"22":0,"23":0,"24":0,"25":0,"26":0,"27":0,"28":0,"29":0,"30":0,"31":0,"32":0,"33":0,"34":0,"35":0,"36":0,"37":0,"38":0,"39":0,"40":0,"41":0,"42":0,"43":0,"44":0,"45":0,"46":0,"47":0,"48":0,"49":0,"50":0,"51":0,"52":0,"53":0,"54":0,"55":0,"56":0,"57":0,"58":0,"59":0,"60":0,"61":0,"62":0,"63":0,"64":0,"65":0,"66":0,"67":0,"68":0,"69":0,"70":0,"71":0,"72":0,"73":0,"74":0,"75":0,"76":0,"77":0,"78":0,"79":0,"80":0,"81":0,"82":0,"83":0,"84":0},"f":{"0":0,"1":0,"2":0,"3":0,"4":0,"5":0,"6":0,"7":0,"8":0,"9":0,"10":0,"11":0,"12":0},"b":{"0":[0],"1":[0,0],"2":[0],"3":[0],"4":[0,0],"5":[0],"6":[0,0],"7":[0,0],"8":[0],"9":[0],"10":[0],"11":[0,0],"12":[0,0],"13":[0,0],"14":[0]}}
,"/Users/rabble/code/experiments/trademe_tracker/worker/src/services/storage.ts": {"path":"/Users/rabble/code/experiments/trademe_tracker/worker/src/services/storage.ts","statementMap":{"0":{"start":{"line":24,"column":4},"end":{"line":24,"column":40}},"1":{"start":{"line":25,"column":4},"end":{"line":25,"column":45}},"2":{"start":{"line":26,"column":4},"end":{"line":26,"column":71}},"3":{"start":{"line":37,"column":4},"end":{"line":119,"column":5}},"4":{"start":{"line":38,"column":6},"end":{"line":38,"column":83}},"5":{"start":{"line":41,"column":29},"end":{"line":41,"column":69}},"6":{"start":{"line":42,"column":31},"end":{"line":42,"column":81}},"7":{"start":{"line":42,"column":65},"end":{"line":42,"column":79}},"8":{"start":{"line":44,"column":47},"end":{"line":44,"column":49}},"9":{"start":{"line":45,"column":19},"end":{"line":45,"column":57}},"10":{"start":{"line":48,"column":24},"end":{"line":48,"column":25}},"11":{"start":{"line":49,"column":6},"end":{"line":110,"column":7}},"12":{"start":{"line":49,"column":19},"end":{"line":49,"column":20}},"13":{"start":{"line":50,"column":22},"end":{"line":50,"column":52}},"14":{"start":{"line":53,"column":30},"end":{"line":100,"column":10}},"15":{"start":{"line":54,"column":30},"end":{"line":54,"column":39}},"16":{"start":{"line":55,"column":10},"end":{"line":99,"column":11}},"17":{"start":{"line":57,"column":12},"end":{"line":63,"column":13}},"18":{"start":{"line":58,"column":36},"end":{"line":58,"column":68}},"19":{"start":{"line":61,"column":14},"end":{"line":61,"column":82}},"20":{"start":{"line":62,"column":14},"end":{"line":62,"column":35}},"21":{"start":{"line":66,"column":34},"end":{"line":66,"column":56}},"22":{"start":{"line":67,"column":12},"end":{"line":69,"column":13}},"23":{"start":{"line":68,"column":14},"end":{"line":68,"column":111}},"24":{"start":{"line":72,"column":30},"end":{"line":72,"column":63}},"25":{"start":{"line":73,"column":32},"end":{"line":73,"column":89}},"26":{"start":{"line":76,"column":30},"end":{"line":76,"column":65}},"27":{"start":{"line":79,"column":25},"end":{"line":79,"column":91}},"28":{"start":{"line":80,"column":29},"end":{"line":80,"column":76}},"29":{"start":{"line":81,"column":29},"end":{"line":81,"column":50}},"30":{"start":{"line":84,"column":12},"end":{"line":84,"column":73}},"31":{"start":{"line":87,"column":44},"end":{"line":92,"column":14}},"32":{"start":{"line":94,"column":12},"end":{"line":94,"column":28}},"33":{"start":{"line":96,"column":12},"end":{"line":96,"column":73}},"34":{"start":{"line":98,"column":12},"end":{"line":98,"column":25}},"35":{"start":{"line":103,"column":29},"end":{"line":103,"column":61}},"36":{"start":{"line":104,"column":8},"end":{"line":104,"column":46}},"37":{"start":{"line":107,"column":8},"end":{"line":109,"column":9}},"38":{"start":{"line":108,"column":10},"end":{"line":108,"column":66}},"39":{"start":{"line":108,"column":39},"end":{"line":108,"column":64}},"40":{"start":{"line":113,"column":6},"end":{"line":113,"column":65}},"41":{"start":{"line":115,"column":6},"end":{"line":115,"column":29}},"42":{"start":{"line":117,"column":6},"end":{"line":117,"column":82}},"43":{"start":{"line":118,"column":6},"end":{"line":118,"column":20}},"44":{"start":{"line":126,"column":4},"end":{"line":145,"column":5}},"45":{"start":{"line":127,"column":23},"end":{"line":134,"column":null}},"46":{"start":{"line":137,"column":6},"end":{"line":139,"column":7}},"47":{"start":{"line":138,"column":8},"end":{"line":138,"column":100}},"48":{"start":{"line":141,"column":6},"end":{"line":141,"column":35}},"49":{"start":{"line":143,"column":6},"end":{"line":143,"column":61}},"50":{"start":{"line":144,"column":6},"end":{"line":144,"column":16}},"51":{"start":{"line":152,"column":4},"end":{"line":173,"column":5}},"52":{"start":{"line":154,"column":23},"end":{"line":165,"column":null}},"53":{"start":{"line":168,"column":6},"end":{"line":170,"column":7}},"54":{"start":{"line":169,"column":8},"end":{"line":169,"column":101}},"55":{"start":{"line":172,"column":6},"end":{"line":172,"column":60}},"56":{"start":{"line":180,"column":4},"end":{"line":201,"column":5}},"57":{"start":{"line":181,"column":23},"end":{"line":192,"column":null}},"58":{"start":{"line":195,"column":6},"end":{"line":197,"column":7}},"59":{"start":{"line":196,"column":8},"end":{"line":196,"column":98}},"60":{"start":{"line":199,"column":6},"end":{"line":199,"column":58}},"61":{"start":{"line":200,"column":6},"end":{"line":200,"column":18}},"62":{"start":{"line":209,"column":23},"end":{"line":209,"column":68}},"63":{"start":{"line":212,"column":4},"end":{"line":214,"column":16}},"64":{"start":{"line":213,"column":16},"end":{"line":213,"column":47}},"65":{"start":{"line":221,"column":4},"end":{"line":237,"column":5}},"66":{"start":{"line":223,"column":21},"end":{"line":223,"column":33}},"67":{"start":{"line":224,"column":23},"end":{"line":224,"column":38}},"68":{"start":{"line":225,"column":23},"end":{"line":225,"column":48}},"69":{"start":{"line":227,"column":6},"end":{"line":229,"column":7}},"70":{"start":{"line":228,"column":8},"end":{"line":228,"column":24}},"71":{"start":{"line":232,"column":24},"end":{"line":232,"column":58}},"72":{"start":{"line":233,"column":6},"end":{"line":233,"column":34}},"73":{"start":{"line":236,"column":6},"end":{"line":236,"column":25}},"74":{"start":{"line":18,"column":0},"end":{"line":18,"column":13}}},"fnMap":{"0":{"name":"(anonymous_0)","decl":{"start":{"line":23,"column":2},"end":{"line":23,"column":14}},"loc":{"start":{"line":23,"column":22},"end":{"line":27,"column":3}}},"1":{"name":"(anonymous_1)","decl":{"start":{"line":36,"column":2},"end":{"line":36,"column":7}},"loc":{"start":{"line":36,"column":73},"end":{"line":120,"column":3}}},"2":{"name":"(anonymous_2)","decl":{"start":{"line":42,"column":58},"end":{"line":42,"column":61}},"loc":{"start":{"line":42,"column":65},"end":{"line":42,"column":79}}},"3":{"name":"(anonymous_3)","decl":{"start":{"line":53,"column":40},"end":{"line":53,"column":45}},"loc":{"start":{"line":53,"column":63},"end":{"line":100,"column":9}}},"4":{"name":"(anonymous_4)","decl":{"start":{"line":108,"column":28},"end":{"line":108,"column":35}},"loc":{"start":{"line":108,"column":39},"end":{"line":108,"column":64}}},"5":{"name":"(anonymous_5)","decl":{"start":{"line":125,"column":10},"end":{"line":125,"column":15}},"loc":{"start":{"line":125,"column":52},"end":{"line":146,"column":3}}},"6":{"name":"(anonymous_6)","decl":{"start":{"line":151,"column":10},"end":{"line":151,"column":15}},"loc":{"start":{"line":151,"column":78},"end":{"line":174,"column":3}}},"7":{"name":"(anonymous_7)","decl":{"start":{"line":179,"column":10},"end":{"line":179,"column":15}},"loc":{"start":{"line":179,"column":84},"end":{"line":202,"column":3}}},"8":{"name":"(anonymous_8)","decl":{"start":{"line":207,"column":10},"end":{"line":207,"column":15}},"loc":{"start":{"line":207,"column":49},"end":{"line":215,"column":3}}},"9":{"name":"(anonymous_9)","decl":{"start":{"line":213,"column":11},"end":{"line":213,"column":12}},"loc":{"start":{"line":213,"column":16},"end":{"line":213,"column":47}}},"10":{"name":"(anonymous_10)","decl":{"start":{"line":220,"column":10},"end":{"line":220,"column":28}},"loc":{"start":{"line":220,"column":61},"end":{"line":238,"column":3}}}},"branchMap":{"0":{"loc":{"start":{"line":26,"column":22},"end":{"line":26,"column":70}},"type":"binary-expr","locations":[{"start":{"line":26,"column":22},"end":{"line":26,"column":49}},{"start":{"line":26,"column":53},"end":{"line":26,"column":70}}]},"1":{"loc":{"start":{"line":57,"column":12},"end":{"line":63,"column":13}},"type":"if","locations":[{"start":{"line":57,"column":12},"end":{"line":63,"column":13}}]},"2":{"loc":{"start":{"line":67,"column":12},"end":{"line":69,"column":13}},"type":"if","locations":[{"start":{"line":67,"column":12},"end":{"line":69,"column":13}}]},"3":{"loc":{"start":{"line":73,"column":32},"end":{"line":73,"column":89}},"type":"binary-expr","locations":[{"start":{"line":73,"column":32},"end":{"line":73,"column":73}},{"start":{"line":73,"column":77},"end":{"line":73,"column":89}}]},"4":{"loc":{"start":{"line":107,"column":8},"end":{"line":109,"column":9}},"type":"if","locations":[{"start":{"line":107,"column":8},"end":{"line":109,"column":9}}]},"5":{"loc":{"start":{"line":137,"column":6},"end":{"line":139,"column":7}},"type":"if","locations":[{"start":{"line":137,"column":6},"end":{"line":139,"column":7}}]},"6":{"loc":{"start":{"line":168,"column":6},"end":{"line":170,"column":7}},"type":"if","locations":[{"start":{"line":168,"column":6},"end":{"line":170,"column":7}}]},"7":{"loc":{"start":{"line":195,"column":6},"end":{"line":197,"column":7}},"type":"if","locations":[{"start":{"line":195,"column":6},"end":{"line":197,"column":7}}]},"8":{"loc":{"start":{"line":227,"column":6},"end":{"line":229,"column":7}},"type":"if","locations":[{"start":{"line":227,"column":6},"end":{"line":229,"column":7}}]},"9":{"loc":{"start":{"line":227,"column":10},"end":{"line":227,"column":44}},"type":"binary-expr","locations":[{"start":{"line":227,"column":10},"end":{"line":227,"column":18}},{"start":{"line":227,"column":22},"end":{"line":227,"column":44}}]},"10":{"loc":{"start":{"line":232,"column":24},"end":{"line":232,"column":58}},"type":"binary-expr","locations":[{"start":{"line":232,"column":24},"end":{"line":232,"column":49}},{"start":{"line":232,"column":53},"end":{"line":232,"column":58}}]}},"s":{"0":0,"1":0,"2":0,"3":0,"4":0,"5":0,"6":0,"7":0,"8":0,"9":0,"10":0,"11":0,"12":0,"13":0,"14":0,"15":0,"16":0,"17":0,"18":0,"19":0,"20":0,"21":0,"22":0,"23":0,"24":0,"25":0,"26":0,"27":0,"28":0,"29":0,"30":0,"31":0,"32":0,"33":0,"34":0,"35":0,"36":0,"37":0,"38":0,"39":0,"40":0,"41":0,"42":0,"43":0,"44":0,"45":0,"46":0,"47":0,"48":0,"49":0,"50":0,"51":0,"52":0,"53":0,"54":0,"55":0,"56":0,"57":0,"58":0,"59":0,"60":0,"61":0,"62":0,"63":0,"64":0,"65":0,"66":0,"67":0,"68":0,"69":0,"70":0,"71":0,"72":0,"73":0,"74":0},"f":{"0":0,"1":0,"2":0,"3":0,"4":0,"5":0,"6":0,"7":0,"8":0,"9":0,"10":0},"b":{"0":[0,0],"1":[0],"2":[0],"3":[0,0],"4":[0],"5":[0],"6":[0],"7":[0],"8":[0],"9":[0,0],"10":[0,0]}}
}
